\BOOKMARK [0][-]{dummy.6}{\376\377\000L\000i\000s\000t\000\040\000o\000f\000\040\000S\000y\000m\000b\000o\000l\000s}{}% 1
\BOOKMARK [0][-]{chapter.9}{\376\377\0001\000\040\000I\000n\000t\000r\000o\000d\000u\000c\000t\000i\000o\000n}{}% 2
\BOOKMARK [1][-]{section.14}{\376\377\0001\000.\0001\000\040\000P\000r\000o\000j\000e\000c\000t\000\040\000M\000a\000n\000a\000g\000e\000m\000e\000n\000t}{chapter.9}% 3
\BOOKMARK [0][-]{chapter.16}{\376\377\0002\000\040\000R\000e\000s\000e\000a\000r\000c\000h}{}% 4
\BOOKMARK [1][-]{section.21}{\376\377\0002\000.\0001\000\040\000H\000a\000r\000d\000w\000a\000r\000e\000\040\000R\000e\000s\000e\000a\000r\000c\000h}{chapter.16}% 5
\BOOKMARK [2][-]{subsection.22}{\376\377\0002\000.\0001\000.\0001\000\040\000M\000i\000c\000r\000o\000c\000o\000n\000t\000r\000o\000l\000l\000e\000r\000s}{section.21}% 6
\BOOKMARK [1][-]{section.25}{\376\377\0002\000.\0002\000\040\000F\000i\000r\000m\000w\000a\000r\000e}{chapter.16}% 7
\BOOKMARK [2][-]{subsection.26}{\376\377\0002\000.\0002\000.\0001\000\040\000C\000a\000m\000e\000r\000a}{section.25}% 8
\BOOKMARK [2][-]{subsection.27}{\376\377\0002\000.\0002\000.\0002\000\040\000A\000t\000m\000e\000l\000\040\000S\000o\000f\000t\000w\000a\000r\000e\000\040\000F\000r\000a\000m\000e\000w\000o\000r\000k}{section.25}% 9
\BOOKMARK [0][-]{chapter.28}{\376\377\0003\000\040\000I\000n\000i\000t\000i\000a\000l\000\040\000H\000a\000r\000d\000w\000a\000r\000e\000\040\000a\000n\000d\000\040\000F\000i\000r\000m\000w\000a\000r\000e\000\040\000D\000e\000v\000e\000l\000o\000p\000m\000e\000n\000t}{}% 10
\BOOKMARK [1][-]{section.32}{\376\377\0003\000.\0001\000\040\000C\000a\000m\000e\000r\000a}{chapter.28}% 11
\BOOKMARK [2][-]{subsection.33}{\376\377\0003\000.\0001\000.\0001\000\040\000S\000i\000n\000g\000l\000e\000\040\000C\000a\000m\000e\000r\000a\000\040\000O\000p\000e\000r\000a\000t\000i\000o\000n}{section.32}% 12
\BOOKMARK [2][-]{subsection.37}{\376\377\0003\000.\0001\000.\0002\000\040\000D\000u\000a\000l\000\040\000C\000a\000m\000e\000r\000a\000\040\000O\000p\000e\000r\000a\000t\000i\000o\000n}{section.32}% 13
\BOOKMARK [1][-]{section.38}{\376\377\0003\000.\0002\000\040\000S\000D\000\040\000C\000a\000r\000d}{chapter.28}% 14
\BOOKMARK [2][-]{subsection.39}{\376\377\0003\000.\0002\000.\0001\000\040\000S\000t\000o\000r\000i\000n\000g\000\040\000I\000m\000a\000g\000e\000s}{section.38}% 15
\BOOKMARK [2][-]{subsection.42}{\376\377\0003\000.\0002\000.\0002\000\040\000U\000s\000e\000r\000\040\000I\000n\000t\000e\000r\000f\000a\000c\000e}{section.38}% 16
\BOOKMARK [1][-]{section.44}{\376\377\0003\000.\0003\000\040\000C\000i\000r\000c\000u\000i\000t\000\040\000D\000e\000v\000e\000l\000o\000p\000m\000e\000n\000t}{chapter.28}% 17
\BOOKMARK [2][-]{subsection.45}{\376\377\0003\000.\0003\000.\0001\000\040\000S\000t\000e\000r\000e\000o\000\040\000C\000a\000m\000e\000r\000a\000\040\000D\000e\000v\000e\000l\000o\000p\000m\000e\000n\000t}{section.44}% 18
\BOOKMARK [2][-]{subsection.47}{\376\377\0003\000.\0003\000.\0002\000\040\000M\000o\000t\000o\000r\000\040\000D\000r\000i\000v\000e\000r\000\040\000D\000e\000v\000e\000l\000o\000p\000m\000e\000n\000t}{section.44}% 19
\BOOKMARK [3][-]{subsubsection.49}{\376\377\0003\000.\0003\000.\0002\000.\0001\000\040\000H\000a\000r\000d\000w\000a\000r\000e}{subsection.47}% 20
\BOOKMARK [3][-]{subsubsection.55}{\376\377\0003\000.\0003\000.\0002\000.\0002\000\040\000F\000i\000r\000m\000w\000a\000r\000e\000\040\000D\000e\000v\000e\000l\000o\000p\000m\000e\000n\000t}{subsection.47}% 21
\BOOKMARK [3][-]{subsubsection.63}{\376\377\0003\000.\0003\000.\0002\000.\0003\000\040\000T\000e\000s\000t\000i\000n\000g}{subsection.47}% 22
\BOOKMARK [1][-]{section.64}{\376\377\0003\000.\0004\000\040\000P\000C\000B\000\040\000D\000e\000v\000e\000l\000o\000p\000m\000e\000n\000t}{chapter.28}% 23
\BOOKMARK [2][-]{subsection.65}{\376\377\0003\000.\0004\000.\0001\000\040\000P\000C\000B\000\040\000D\000e\000s\000i\000g\000n}{section.64}% 24
\BOOKMARK [2][-]{subsection.69}{\376\377\0003\000.\0004\000.\0002\000\040\000P\000C\000B\000\040\000T\000e\000s\000t\000i\000n\000g}{section.64}% 25
\BOOKMARK [2][-]{subsection.75}{\376\377\0003\000.\0004\000.\0003\000\040\000P\000C\000B\000\040\000A\000m\000e\000n\000d\000m\000e\000n\000t\000s\000\040\000a\000n\000d\000\040\000C\000o\000n\000c\000l\000u\000s\000i\000o\000n}{section.64}% 26
\BOOKMARK [1][-]{section.78}{\376\377\0003\000.\0005\000\040\000C\000o\000n\000c\000l\000u\000s\000i\000o\000n\000s}{chapter.28}% 27
\BOOKMARK [0][-]{chapter.80}{\376\377\0004\000\040\000I\000n\000v\000e\000s\000t\000i\000g\000a\000t\000i\000o\000n\000\040\000i\000n\000t\000o\000\040\000V\000i\000s\000i\000o\000n\000\040\000A\000l\000g\000o\000r\000i\000t\000h\000m\000s}{}% 28
\BOOKMARK [1][-]{section.81}{\376\377\0004\000.\0001\000\040\000C\000o\000m\000p\000a\000r\000i\000s\000o\000n}{chapter.80}% 29
\BOOKMARK [2][-]{subsection.85}{\376\377\0004\000.\0001\000.\0001\000\040\000S\000u\000m\000\040\000o\000f\000\040\000A\000b\000s\000o\000l\000u\000t\000e\000\040\000D\000i\000f\000f\000e\000r\000e\000n\000c\000e\000s}{section.81}% 30
\BOOKMARK [2][-]{subsection.87}{\376\377\0004\000.\0001\000.\0002\000\040\000S\000u\000m\000\040\000o\000f\000\040\000S\000q\000u\000a\000r\000e\000d\000\040\000D\000i\000f\000f\000e\000r\000e\000n\000c\000e\000s}{section.81}% 31
\BOOKMARK [2][-]{subsection.89}{\376\377\0004\000.\0001\000.\0003\000\040\000N\000C\000C}{section.81}% 32
\BOOKMARK [2][-]{subsection.91}{\376\377\0004\000.\0001\000.\0004\000\040\000C\000o\000m\000p\000a\000r\000i\000s\000o\000n}{section.81}% 33
\BOOKMARK [2][-]{subsection.96}{\376\377\0004\000.\0001\000.\0005\000\040\000C\000o\000n\000c\000l\000u\000s\000i\000o\000n}{section.81}% 34
\BOOKMARK [1][-]{section.97}{\376\377\0004\000.\0002\000\040\000R\000a\000n\000g\000e\000\040\000F\000i\000n\000d\000i\000n\000g}{chapter.80}% 35
\BOOKMARK [2][-]{subsection.98}{\376\377\0004\000.\0002\000.\0001\000\040\000D\000e\000r\000i\000v\000a\000t\000i\000o\000n\000s}{section.97}% 36
\BOOKMARK [3][-]{subsubsection.103}{\376\377\0004\000.\0002\000.\0001\000.\0001\000\040\000O\000b\000j\000e\000c\000t\000\040\000i\000s\000\040\000b\000e\000t\000w\000e\000e\000n\000\040\000t\000h\000e\000\040\000C\000a\000m\000e\000r\000a\000s}{subsection.98}% 37
\BOOKMARK [3][-]{subsubsection.112}{\376\377\0004\000.\0002\000.\0001\000.\0002\000\040\000O\000b\000j\000e\000c\000t\000\040\000i\000s\000\040\000t\000o\000\040\000t\000h\000e\000\040\000s\000a\000m\000e\000\040\000s\000i\000d\000e\000\040\000i\000n\000\040\000e\000a\000c\000h\000\040\000c\000a\000m\000e\000r\000a}{subsection.98}% 38
\BOOKMARK [3][-]{subsubsection.124}{\376\377\0004\000.\0002\000.\0001\000.\0003\000\040\000O\000b\000j\000e\000c\000t\000\040\000i\000s\000\040\000i\000n\000\040\000f\000r\000o\000n\000t\000\040\000o\000f\000\040\000a\000\040\000c\000a\000m\000e\000r\000a}{subsection.98}% 39
\BOOKMARK [3][-]{subsubsection.127}{\376\377\0004\000.\0002\000.\0001\000.\0004\000\040\000S\000u\000m\000m\000a\000r\000y}{subsection.98}% 40
\BOOKMARK [1][-]{section.131}{\376\377\0004\000.\0003\000\040\000F\000o\000u\000r\000i\000e\000r\000\040\000T\000r\000a\000n\000s\000f\000o\000r\000m}{chapter.80}% 41
\BOOKMARK [2][-]{subsection.132}{\376\377\0004\000.\0003\000.\0001\000\040\000B\000a\000c\000k\000g\000r\000o\000u\000n\000d\000\040\000R\000e\000s\000e\000a\000r\000c\000h\000\040\000a\000n\000d\000\040\000U\000s\000e\000s}{section.131}% 42
\BOOKMARK [2][-]{subsection.133}{\376\377\0004\000.\0003\000.\0002\000\040\000F\000a\000s\000t\000\040\000F\000o\000u\000r\000i\000e\000r\000\040\000T\000r\000a\000n\000s\000f\000o\000r\000m}{section.131}% 43
\BOOKMARK [2][-]{subsection.134}{\376\377\0004\000.\0003\000.\0003\000\040\000I\000m\000p\000l\000e\000m\000e\000n\000t\000i\000n\000g\000\040\000t\000h\000e\000\040\000F\000F\000T\000\040\000i\000n\000\040\000C}{section.131}% 44
\BOOKMARK [2][-]{subsection.135}{\376\377\0004\000.\0003\000.\0004\000\040\000T\000e\000s\000t\000i\000n\000g\000\040\000o\000f\000\040\000t\000h\000e\000\040\000F\000F\000T\000\040\000o\000n\000\040\000A\000V\000R}{section.131}% 45
\BOOKMARK [1][-]{section.136}{\376\377\0004\000.\0004\000\040\000L\000o\000w\000\040\000L\000e\000v\000e\000l\000\040\000V\000i\000s\000i\000o\000n\000\040\000A\000l\000g\000o\000r\000i\000t\000h\000m\000s}{chapter.80}% 46
\BOOKMARK [2][-]{subsection.137}{\376\377\0004\000.\0004\000.\0001\000\040\000N\000o\000i\000s\000e\000\040\000R\000e\000d\000u\000c\000t\000i\000o\000n}{section.136}% 47
\BOOKMARK [2][-]{subsection.138}{\376\377\0004\000.\0004\000.\0002\000\040\000E\000d\000g\000e\000\040\000D\000e\000t\000e\000c\000t\000i\000o\000n}{section.136}% 48
\BOOKMARK [0][-]{chapter.139}{\376\377\0005\000\040\000R\000e\000s\000u\000l\000t\000s}{}% 49
\BOOKMARK [1][-]{section.140}{\376\377\0005\000.\0001\000\040\000R\000e\000s\000u\000l\000t\000s}{chapter.139}% 50
\BOOKMARK [0][-]{chapter.143}{\376\377\0006\000\040\000C\000o\000n\000c\000l\000u\000s\000i\000o\000n\000s\000\040\000a\000n\000d\000\040\000F\000u\000r\000t\000h\000e\000r\000\040\000W\000o\000r\000k}{}% 51
\BOOKMARK [0][-]{appendix.147}{\376\377\000A\000\040\000G\000a\000n\000t\000t\000\040\000C\000h\000a\000r\000t}{}% 52
\BOOKMARK [0][-]{appendix.149}{\376\377\000B\000\040\000C\000i\000r\000c\000u\000i\000t\000\040\000D\000i\000a\000g\000r\000a\000m\000s}{}% 53
\BOOKMARK [0][-]{appendix.152}{\376\377\000C\000\040\000B\000i\000t\000m\000a\000p\000\040\000F\000i\000l\000e\000\040\000F\000o\000r\000m\000a\000t}{}% 54
\BOOKMARK [1][-]{section.153}{\376\377\000C\000.\0001\000\040\000B\000i\000t\000m\000a\000p\000\040\000F\000i\000l\000e\000\040\000F\000o\000r\000m\000a\000t}{appendix.152}% 55
\BOOKMARK [0][-]{appendix.156}{\376\377\000D\000\040\000S\000o\000u\000r\000c\000e\000\040\000C\000o\000d\000e}{}% 56
\BOOKMARK [1][-]{section.157}{\376\377\000D\000.\0001\000\040\000C\000\040\000C\000o\000d\000e\000\040\000f\000o\000r\000\040\000A\000V\000R}{appendix.156}% 57
\BOOKMARK [2][-]{subsection.158}{\376\377\000D\000.\0001\000.\0001\000\040\000D\000u\000a\000l\000\040\000C\000a\000m\000e\000r\000a\000\040\000O\000p\000e\000r\000a\000t\000i\000o\000n}{section.157}% 58
\BOOKMARK [3][-]{subsubsection.159}{\376\377\000D\000.\0001\000.\0001\000.\0001\000\040\000m\000a\000i\000n\000.\000c}{subsection.158}% 59
\BOOKMARK [3][-]{subsubsection.366}{\376\377\000D\000.\0001\000.\0001\000.\0002\000\040\000B\000i\000t\000m\000a\000p\000.\000h}{subsection.158}% 60
\BOOKMARK [3][-]{subsubsection.392}{\376\377\000D\000.\0001\000.\0001\000.\0003\000\040\000B\000i\000t\000m\000a\000p\000.\000c}{subsection.158}% 61
\BOOKMARK [3][-]{subsubsection.463}{\376\377\000D\000.\0001\000.\0001\000.\0004\000\040\000C\000o\000n\000f\000i\000g\000.\000h}{subsection.158}% 62
\BOOKMARK [3][-]{subsubsection.542}{\376\377\000D\000.\0001\000.\0001\000.\0005\000\040\000C\000o\000n\000f\000i\000g\000.\000c}{subsection.158}% 63
\BOOKMARK [3][-]{subsubsection.575}{\376\377\000D\000.\0001\000.\0001\000.\0006\000\040\000D\000u\000a\000l\000C\000a\000m\000e\000r\000a\000s\000.\000h}{subsection.158}% 64
\BOOKMARK [3][-]{subsubsection.860}{\376\377\000D\000.\0001\000.\0001\000.\0007\000\040\000D\000u\000a\000l\000C\000a\000m\000e\000r\000a\000s\000.\000c}{subsection.158}% 65
\BOOKMARK [3][-]{subsubsection.1338}{\376\377\000D\000.\0001\000.\0001\000.\0008\000\040\000P\000C\000A\0009\0005\0004\0002\000A\000.\000h}{subsection.158}% 66
\BOOKMARK [3][-]{subsubsection.1365}{\376\377\000D\000.\0001\000.\0001\000.\0009\000\040\000P\000C\000A\0009\0005\0004\0002\000A\000.\000c}{subsection.158}% 67
\BOOKMARK [3][-]{subsubsection.1414}{\376\377\000D\000.\0001\000.\0001\000.\0001\0000\000\040\000T\000W\000I\000\137\000M\000a\000s\000t\000e\000r\000.\000h}{subsection.158}% 68
\BOOKMARK [3][-]{subsubsection.1541}{\376\377\000D\000.\0001\000.\0001\000.\0001\0001\000\040\000T\000W\000I\000\137\000M\000a\000s\000t\000e\000r\000.\000c}{subsection.158}% 69
\BOOKMARK [3][-]{subsubsection.1764}{\376\377\000D\000.\0001\000.\0001\000.\0001\0002\000\040\000U\000s\000a\000r\000t\000.\000h}{subsection.158}% 70
\BOOKMARK [3][-]{subsubsection.1794}{\376\377\000D\000.\0001\000.\0001\000.\0001\0003\000\040\000U\000s\000a\000r\000t\000.\000c}{subsection.158}% 71
\BOOKMARK [2][-]{subsection.1878}{\376\377\000D\000.\0001\000.\0002\000\040\000D\000u\000a\000l\000\040\000C\000a\000m\000e\000r\000a\000\040\000U\000s\000e\000r\000\040\000I\000n\000t\000e\000r\000f\000a\000c\000e}{section.157}% 72
\BOOKMARK [3][-]{subsubsection.1879}{\376\377\000D\000.\0001\000.\0002\000.\0001\000\040\000D\000u\000a\000l\000C\000a\000m\000e\000r\000a\000\137\000U\000I\000.\000c}{subsection.1878}% 73
\BOOKMARK [3][-]{subsubsection.1985}{\376\377\000D\000.\0001\000.\0002\000.\0002\000\040\000T\000W\000I\000\137\000s\000l\000a\000v\000e\000.\000h}{subsection.1878}% 74
\BOOKMARK [3][-]{subsubsection.2111}{\376\377\000D\000.\0001\000.\0002\000.\0003\000\040\000T\000W\000I\000\137\000s\000l\000a\000v\000e\000.\000c}{subsection.1878}% 75
\BOOKMARK [1][-]{section.2370}{\376\377\000D\000.\0002\000\040\000M\000A\000T\000L\000A\000B\000\040\000C\000o\000d\000e\000\040\000f\000o\000r\000\040\000I\000m\000a\000g\000e\000\040\000A\000l\000g\000o\000r\000i\000t\000h\000m\000\040\000P\000r\000o\000t\000o\000t\000y\000p\000i\000n\000g}{appendix.156}% 76
\BOOKMARK [2][-]{subsection.2371}{\376\377\000D\000.\0002\000.\0001\000\040\000I\000m\000a\000g\000e\000\040\000M\000a\000t\000c\000h\000i\000n\000g\000\040\000A\000l\000g\000o\000r\000i\000t\000h\000m\000s}{section.2370}% 77
\BOOKMARK [3][-]{subsubsection.2372}{\376\377\000D\000.\0002\000.\0001\000.\0001\000\040\000l\000o\000a\000d\000i\000m\000a\000g\000e\000s\000.\000m}{subsection.2371}% 78
\BOOKMARK [3][-]{subsubsection.2391}{\376\377\000D\000.\0002\000.\0001\000.\0002\000\040\000G\000e\000t\000S\000u\000b\000I\000m\000a\000g\000e\000.\000m}{subsection.2371}% 79
\BOOKMARK [3][-]{subsubsection.2432}{\376\377\000D\000.\0002\000.\0001\000.\0003\000\040\000S\000A\000D\000A\000l\000l\000.\000m}{subsection.2371}% 80
\BOOKMARK [3][-]{subsubsection.2477}{\376\377\000D\000.\0002\000.\0001\000.\0004\000\040\000S\000S\000D\000A\000l\000l\000.\000m}{subsection.2371}% 81
\BOOKMARK [3][-]{subsubsection.2521}{\376\377\000D\000.\0002\000.\0001\000.\0005\000\040\000N\000C\000C\000.\000m}{subsection.2371}% 82
\BOOKMARK [0][-]{dummy.2608}{\376\377\000R\000e\000f\000e\000r\000e\000n\000c\000e\000s}{}% 83
