This is pdfTeX, Version 3.1415926-1.40.11 (MiKTeX 2.9) (preloaded format=pdflatex 2013.4.18)  18 APR 2013 12:43
entering extended mode
**report.tex
(H:\part3_project\Report\report.tex
LaTeX2e <2009/09/24>
Babel <v3.8l> and hyphenation patterns for english, afrikaans, ancientgreek, ar
abic, armenian, assamese, basque, bengali, bokmal, bulgarian, catalan, coptic, 
croatian, czech, danish, dutch, esperanto, estonian, farsi, finnish, french, ga
lician, german, german-x-2009-06-19, greek, gujarati, hindi, hungarian, iceland
ic, indonesian, interlingua, irish, italian, kannada, kurmanji, lao, latin, lat
vian, lithuanian, malayalam, marathi, mongolian, mongolianlmc, monogreek, ngerm
an, ngerman-x-2009-06-19, nynorsk, oriya, panjabi, pinyin, polish, portuguese, 
romanian, russian, sanskrit, serbian, slovak, slovenian, spanish, swedish, swis
sgerman, tamil, telugu, turkish, turkmen, ukenglish, ukrainian, uppersorbian, u
senglishmax, welsh, loaded.
(H:\part3_project\Report\ecsproject.cls
Document Class: ecsproject 2011/11/10 v2.0 LaTeX document class
("C:\Program Files (x86)\MiKTeX 2.9\tex\latex\base\book.cls"
Document Class: book 2007/10/19 v1.4h Standard LaTeX document class
("C:\Program Files (x86)\MiKTeX 2.9\tex\latex\base\bk12.clo"
File: bk12.clo 2007/10/19 v1.4h Standard LaTeX file (size option)
)
\c@part=\count79
\c@chapter=\count80
\c@section=\count81
\c@subsection=\count82
\c@subsubsection=\count83
\c@paragraph=\count84
\c@subparagraph=\count85
\c@figure=\count86
\c@table=\count87
\abovecaptionskip=\skip41
\belowcaptionskip=\skip42
\bibindent=\dimen102
)
("C:\Program Files (x86)\MiKTeX 2.9\tex\latex\setspace\setspace.sty"
Package: setspace 2000/12/01 6.7 Contributed and Supported LaTeX2e package

Package: `setspace' 6.7 <2000/12/01>
) ("C:\Program Files (x86)\MiKTeX 2.9\tex\latex\ieeepes\vmargin.sty"
Package: vmargin 1999/06/01

Package `vmargin', V2.2, <1999/06/01>
\PaperWidth=\dimen103
\PaperHeight=\dimen104
) ("C:\Program Files (x86)\MiKTeX 2.9\tex\latex\fancyhdr\fancyhdr.sty"
\fancy@headwidth=\skip43
\f@ncyO@elh=\skip44
\f@ncyO@erh=\skip45
\f@ncyO@olh=\skip46
\f@ncyO@orh=\skip47
\f@ncyO@elf=\skip48
\f@ncyO@erf=\skip49
\f@ncyO@olf=\skip50
\f@ncyO@orf=\skip51
)
("C:\Program Files (x86)\MiKTeX 2.9\tex\latex\ams\math\amsmath.sty"
Package: amsmath 2000/07/18 v2.13 AMS math features
\@mathmargin=\skip52

For additional information on amsmath, use the `?' option.
("C:\Program Files (x86)\MiKTeX 2.9\tex\latex\ams\math\amstext.sty"
Package: amstext 2000/06/29 v2.01

("C:\Program Files (x86)\MiKTeX 2.9\tex\latex\ams\math\amsgen.sty"
File: amsgen.sty 1999/11/30 v2.0
\@emptytoks=\toks14
\ex@=\dimen105
))
("C:\Program Files (x86)\MiKTeX 2.9\tex\latex\ams\math\amsbsy.sty"
Package: amsbsy 1999/11/29 v1.2d
\pmbraise@=\dimen106
)
("C:\Program Files (x86)\MiKTeX 2.9\tex\latex\ams\math\amsopn.sty"
Package: amsopn 1999/12/14 v2.01 operator names
)
\inf@bad=\count88
LaTeX Info: Redefining \frac on input line 211.
\uproot@=\count89
\leftroot@=\count90
LaTeX Info: Redefining \overline on input line 307.
\classnum@=\count91
\DOTSCASE@=\count92
LaTeX Info: Redefining \ldots on input line 379.
LaTeX Info: Redefining \dots on input line 382.
LaTeX Info: Redefining \cdots on input line 467.
\Mathstrutbox@=\box26
\strutbox@=\box27
\big@size=\dimen107
LaTeX Font Info:    Redeclaring font encoding OML on input line 567.
LaTeX Font Info:    Redeclaring font encoding OMS on input line 568.
\macc@depth=\count93
\c@MaxMatrixCols=\count94
\dotsspace@=\muskip10
\c@parentequation=\count95
\dspbrk@lvl=\count96
\tag@help=\toks15
\row@=\count97
\column@=\count98
\maxfields@=\count99
\andhelp@=\toks16
\eqnshift@=\dimen108
\alignsep@=\dimen109
\tagshift@=\dimen110
\tagwidth@=\dimen111
\totwidth@=\dimen112
\lineht@=\dimen113
\@envbody=\toks17
\multlinegap=\skip53
\multlinetaggap=\skip54
\mathdisplay@stack=\toks18
LaTeX Info: Redefining \[ on input line 2666.
LaTeX Info: Redefining \] on input line 2667.
)
("C:\Program Files (x86)\MiKTeX 2.9\tex\latex\amsfonts\amsfonts.sty"
Package: amsfonts 2009/06/22 v3.00 Basic AMSFonts support
\symAMSa=\mathgroup4
\symAMSb=\mathgroup5
LaTeX Font Info:    Overwriting math alphabet `\mathfrak' in version `bold'
(Font)                  U/euf/m/n --> U/euf/b/n on input line 96.
)
("C:\Program Files (x86)\MiKTeX 2.9\tex\latex\amsfonts\amssymb.sty"
Package: amssymb 2009/06/22 v3.00
)
("C:\Program Files (x86)\MiKTeX 2.9\tex\latex\ams\math\amscd.sty"
Package: amscd 1999/11/29 v2.0
\athelp@=\toks19
\minaw@=\dimen114
\bigaw@=\dimen115
\minCDarrowwidth=\dimen116
)
("C:\Program Files (x86)\MiKTeX 2.9\tex\latex\ams\classes\amsthm.sty"
Package: amsthm 2004/08/06 v2.20
\thm@style=\toks20
\thm@bodyfont=\toks21
\thm@headfont=\toks22
\thm@notefont=\toks23
\thm@headpunct=\toks24
\thm@preskip=\skip55
\thm@postskip=\skip56
\thm@headsep=\skip57
\dth@everypar=\toks25
)
("C:\Program Files (x86)\MiKTeX 2.9\tex\latex\tools\xspace.sty"
Package: xspace 2006/05/08 v1.12 Space after command names (DPC,MH)
)
\c@example=\count100
\c@theorem=\count101

("C:\Program Files (x86)\MiKTeX 2.9\tex\latex\caption\caption.sty"
Package: caption 2010/01/09 v3.1m Customizing captions (AR)

("C:\Program Files (x86)\MiKTeX 2.9\tex\latex\caption\caption3.sty"
Package: caption3 2010/01/14 v3.1m caption3 kernel (AR)

("C:\Program Files (x86)\MiKTeX 2.9\tex\latex\graphics\keyval.sty"
Package: keyval 1999/03/16 v1.13 key=value parser (DPC)
\KV@toks@=\toks26
)
\captionmargin=\dimen117
\captionmargin@=\dimen118
\captionwidth=\dimen119
\caption@indent=\dimen120
\caption@parindent=\dimen121
\caption@hangindent=\dimen122
)
\c@ContinuedFloat=\count102
)
("C:\Program Files (x86)\MiKTeX 2.9\tex\latex\graphics\graphicx.sty"
Package: graphicx 1999/02/16 v1.0f Enhanced LaTeX Graphics (DPC,SPQR)

("C:\Program Files (x86)\MiKTeX 2.9\tex\latex\graphics\graphics.sty"
Package: graphics 2009/02/05 v1.0o Standard LaTeX Graphics (DPC,SPQR)

("C:\Program Files (x86)\MiKTeX 2.9\tex\latex\graphics\trig.sty"
Package: trig 1999/03/16 v1.09 sin cos tan (DPC)
)
("C:\Program Files (x86)\MiKTeX 2.9\tex\latex\00miktex\graphics.cfg"
File: graphics.cfg 2007/01/18 v1.5 graphics configuration of teTeX/TeXLive
)
Package graphics Info: Driver file: pdftex.def on input line 91.

("C:\Program Files (x86)\MiKTeX 2.9\tex\latex\pdftex-def\pdftex.def"
File: pdftex.def 2011/01/28 v0.05d Graphics/color for pdfTeX
\Gread@gobject=\count103
))
\Gin@req@height=\dimen123
\Gin@req@width=\dimen124
)
("C:\Program Files (x86)\MiKTeX 2.9\tex\latex\oberdiek\epstopdf.sty"
Package: epstopdf 2010/02/09 v2.5 Conversion with epstopdf on the fly (HO)

("C:\Program Files (x86)\MiKTeX 2.9\tex\latex\oberdiek\epstopdf-base.sty"
Package: epstopdf-base 2010/02/09 v2.5 Base part for package epstopdf

("C:\Program Files (x86)\MiKTeX 2.9\tex\generic\oberdiek\infwarerr.sty"
Package: infwarerr 2010/04/08 v1.3 Providing info/warning/message (HO)
)
("C:\Program Files (x86)\MiKTeX 2.9\tex\latex\oberdiek\grfext.sty"
Package: grfext 2007/09/30 v1.0 Managing graphics extensions (HO)
)
("C:\Program Files (x86)\MiKTeX 2.9\tex\latex\oberdiek\kvoptions.sty"
Package: kvoptions 2010/02/22 v3.7 Keyval support for LaTeX options (HO)

("C:\Program Files (x86)\MiKTeX 2.9\tex\generic\oberdiek\kvsetkeys.sty"
Package: kvsetkeys 2010/03/01 v1.9 Key value parser (HO)

("C:\Program Files (x86)\MiKTeX 2.9\tex\generic\oberdiek\etexcmds.sty"
Package: etexcmds 2010/01/28 v1.3 Prefix for e-TeX command names (HO)
Package etexcmds Info: Could not find \expanded.
(etexcmds)             That can mean that you are not using pdfTeX 1.50 or
(etexcmds)             that some package has redefined \expanded.
(etexcmds)             In the latter case, load this package earlier.
)))
("C:\Program Files (x86)\MiKTeX 2.9\tex\generic\oberdiek\pdftexcmds.sty"
Package: pdftexcmds 2010/04/01 v0.9 Utility functions of pdfTeX for LuaTeX (HO)


("C:\Program Files (x86)\MiKTeX 2.9\tex\generic\oberdiek\ifluatex.sty"
Package: ifluatex 2010/03/01 v1.3 Provides the ifluatex switch (HO)
Package ifluatex Info: LuaTeX not detected.
)
("C:\Program Files (x86)\MiKTeX 2.9\tex\generic\oberdiek\ltxcmds.sty"
Package: ltxcmds 2010/04/26 v1.7 LaTeX kernel commands for general use (HO)
)
Package pdftexcmds Info: LuaTeX not detected.
Package pdftexcmds Info: \pdf@primitive is available.
Package pdftexcmds Info: \pdf@ifprimitive is available.
)
Package grfext Info: Graphics extension search list:
(grfext)             [.png,.pdf,.jpg,.mps,.jpeg,.jbig2,.jb2,.PNG,.PDF,.JPG,.JPE
G,.JBIG2,.JB2,.eps]
(grfext)             \AppendGraphicsExtensions on input line 436.
))
("C:\Program Files (x86)\MiKTeX 2.9\tex\latex\subfigure\subfigure.sty"
Package: subfigure 2002/07/30 v2.1.4 subfigure package
\subfigtopskip=\skip58
\subfigcapskip=\skip59
\subfigcaptopadj=\dimen125
\subfigbottomskip=\skip60
\subfigcapmargin=\dimen126
\subfiglabelskip=\skip61
\c@subfigure=\count104
\c@lofdepth=\count105
\c@subtable=\count106
\c@lotdepth=\count107

****************************************
* Local config file subfigure.cfg used *
****************************************
("C:\Program Files (x86)\MiKTeX 2.9\tex\latex\subfigure\subfigure.cfg")
\subfig@top=\skip62
\subfig@bottom=\skip63
)
("C:\Program Files (x86)\MiKTeX 2.9\tex\latex\booktabs\booktabs.sty"
Package: booktabs 2005/04/14 v1.61803 publication quality tables
\heavyrulewidth=\dimen127
\lightrulewidth=\dimen128
\cmidrulewidth=\dimen129
\belowrulesep=\dimen130
\belowbottomsep=\dimen131
\aboverulesep=\dimen132
\abovetopsep=\dimen133
\cmidrulesep=\dimen134
\cmidrulekern=\dimen135
\defaultaddspace=\dimen136
\@cmidla=\count108
\@cmidlb=\count109
\@aboverulesep=\dimen137
\@belowrulesep=\dimen138
\@thisruleclass=\count110
\@lastruleclass=\count111
\@thisrulewidth=\dimen139
)
("C:\Program Files (x86)\MiKTeX 2.9\tex\latex\rotating\rotating.sty"
Package: rotating 2009/03/28 v2.16a rotated objects in LaTeX

("C:\Program Files (x86)\MiKTeX 2.9\tex\latex\base\ifthen.sty"
Package: ifthen 2001/05/26 v1.1c Standard LaTeX ifthen package (DPC)
)
\c@r@tfl@t=\count112
\rotFPtop=\skip64
\rotFPbot=\skip65
\rot@float@box=\box28
\rot@mess@toks=\toks27
)
("C:\Program Files (x86)\MiKTeX 2.9\tex\latex\listings\listings.sty"
\lst@mode=\count113
\lst@gtempboxa=\box29
\lst@token=\toks28
\lst@length=\count114
\lst@currlwidth=\dimen140
\lst@column=\count115
\lst@pos=\count116
\lst@lostspace=\dimen141
\lst@width=\dimen142
\lst@newlines=\count117
\lst@lineno=\count118
\lst@maxwidth=\dimen143

("C:\Program Files (x86)\MiKTeX 2.9\tex\latex\lstpatch\lstpatch.sty"

***
*** This is a patch for listings 1.3, but you're using
*** version 1.4.
***
*** Patch file not loaded.
***

) ("C:\Program Files (x86)\MiKTeX 2.9\tex\latex\listings\lstmisc.sty"
File: lstmisc.sty 2007/02/22 1.4 (Carsten Heinz)
\c@lstnumber=\count119
\lst@skipnumbers=\count120
\lst@framebox=\box30
)
("C:\Program Files (x86)\MiKTeX 2.9\tex\latex\listings\listings.cfg"
File: listings.cfg 2007/02/22 1.4 listings configuration
))
Package: listings 2007/02/22 1.4 (Carsten Heinz)

("C:\Program Files (x86)\MiKTeX 2.9\tex\latex\xifthen\xifthen.sty"
Package: xifthen 2009/04/17 v1.3 Extended ifthen features

("C:\Program Files (x86)\MiKTeX 2.9\tex\latex\misc\etex.sty"
Package: etex 1998/03/26 v2.0 eTeX basic definition package (PEB)
\et@xins=\count121
)
("C:\Program Files (x86)\MiKTeX 2.9\tex\latex\tools\calc.sty"
Package: calc 2007/08/22 v4.3 Infix arithmetic (KKT,FJ)
\calc@Acount=\count122
\calc@Bcount=\count123
\calc@Adimen=\dimen144
\calc@Bdimen=\dimen145
\calc@Askip=\skip66
\calc@Bskip=\skip67
LaTeX Info: Redefining \setlength on input line 76.
LaTeX Info: Redefining \addtolength on input line 77.
\calc@Ccount=\count124
\calc@Cskip=\skip68
)
("C:\Program Files (x86)\MiKTeX 2.9\tex\latex\ifmtarg\ifmtarg.sty"
Package: ifmtarg 2009/09/02 v1.2a check for an empty argument
))
("C:\Program Files (x86)\MiKTeX 2.9\tex\latex\hyperref\hyperref.sty"
Package: hyperref 2011/02/07 v6.82b Hypertext links for LaTeX

("C:\Program Files (x86)\MiKTeX 2.9\tex\generic\oberdiek\ifpdf.sty"
Package: ifpdf 2010/01/28 v2.1 Provides the ifpdf switch (HO)
Package ifpdf Info: pdfTeX in pdf mode detected.
)
("C:\Program Files (x86)\MiKTeX 2.9\tex\generic\oberdiek\pdfescape.sty"
Package: pdfescape 2010/03/01 v1.9 Provides hex, PDF name and string conversion
s (HO)
)
("C:\Program Files (x86)\MiKTeX 2.9\tex\generic\oberdiek\ifvtex.sty"
Package: ifvtex 2010/03/01 v1.5 Switches for detecting VTeX and its modes (HO)
Package ifvtex Info: VTeX not detected.
)
("C:\Program Files (x86)\MiKTeX 2.9\tex\generic\ifxetex\ifxetex.sty"
Package: ifxetex 2010/09/12 v0.6 Provides ifxetex conditional
)
("C:\Program Files (x86)\MiKTeX 2.9\tex\latex\oberdiek\hycolor.sty"
Package: hycolor 2009/12/12 v1.6 Color options of hyperref/bookmark (HO)

("C:\Program Files (x86)\MiKTeX 2.9\tex\latex\oberdiek\xcolor-patch.sty"
Package: xcolor-patch 2009/12/12 xcolor patch
))
("C:\Program Files (x86)\MiKTeX 2.9\tex\latex\oberdiek\letltxmacro.sty"
Package: letltxmacro 2008/06/24 v1.3 Let assignment for LaTeX macros (HO)
)
\@linkdim=\dimen146
\Hy@linkcounter=\count125
\Hy@pagecounter=\count126

("C:\Program Files (x86)\MiKTeX 2.9\tex\latex\hyperref\pd1enc.def"
File: pd1enc.def 2011/02/07 v6.82b Hyperref: PDFDocEncoding definition (HO)
)
("C:\Program Files (x86)\MiKTeX 2.9\tex\generic\oberdiek\intcalc.sty"
Package: intcalc 2007/09/27 v1.1 Expandable integer calculations (HO)
)
\Hy@SavedSpaceFactor=\count127

("C:\Program Files (x86)\MiKTeX 2.9\tex\latex\00miktex\hyperref.cfg"
File: hyperref.cfg 2002/06/06 v1.2 hyperref configuration of TeXLive
)
Package hyperref Info: Option `bookmarks' set `true' on input line 3921.
Package hyperref Info: Option `bookmarksopen' set `true' on input line 3921.
Package hyperref Info: Option `bookmarksnumbered' set `true' on input line 3921
.
Package hyperref Info: Option `hypertexnames' set `false' on input line 3921.
Package hyperref Info: Option `colorlinks' set `true' on input line 3921.
Package hyperref Info: Option `unicode' set `true' on input line 3921.

("C:\Program Files (x86)\MiKTeX 2.9\tex\latex\hyperref\puenc.def"
File: puenc.def 2011/02/07 v6.82b Hyperref: PDF Unicode definition (HO)
)
Package hyperref Info: Option `breaklinks' set `true' on input line 3921.
Package hyperref Info: Hyper figures OFF on input line 4025.
Package hyperref Info: Link nesting OFF on input line 4030.
Package hyperref Info: Hyper index ON on input line 4033.
Package hyperref Info: Plain pages OFF on input line 4040.
Package hyperref Info: Backreferencing OFF on input line 4045.
Package hyperref Info: Implicit mode ON; LaTeX internals redefined.
Package hyperref Info: Bookmarks ON on input line 4263.
\c@Hy@tempcnt=\count128

("C:\Program Files (x86)\MiKTeX 2.9\tex\latex\ltxmisc\url.sty"
\Urlmuskip=\muskip11
Package: url 2006/04/12  ver 3.3  Verb mode for urls, etc.
)
LaTeX Info: Redefining \url on input line 4616.

("C:\Program Files (x86)\MiKTeX 2.9\tex\generic\oberdiek\bitset.sty"
Package: bitset 2007/09/28 v1.0 Data type bit set (HO)

("C:\Program Files (x86)\MiKTeX 2.9\tex\generic\oberdiek\bigintcalc.sty"
Package: bigintcalc 2007/11/11 v1.1 Expandable big integer calculations (HO)
))
\Fld@menulength=\count129
\Field@Width=\dimen147
\Fld@charsize=\dimen148
Package hyperref Info: Hyper figures OFF on input line 5700.
Package hyperref Info: Link nesting OFF on input line 5705.
Package hyperref Info: Hyper index ON on input line 5708.
Package hyperref Info: backreferencing OFF on input line 5715.
Package hyperref Info: Link coloring ON on input line 5718.
Package hyperref Info: Link coloring with OCG OFF on input line 5725.
Package hyperref Info: PDF/A mode OFF on input line 5730.
LaTeX Info: Redefining \ref on input line 5770.
LaTeX Info: Redefining \pageref on input line 5774.

("C:\Program Files (x86)\MiKTeX 2.9\tex\generic\oberdiek\atbegshi.sty"
Package: atbegshi 2010/03/25 v1.12 At begin shipout hook (HO)
)
\Hy@abspage=\count130
\c@Item=\count131
\c@Hfootnote=\count132
)

Package hyperref Message: Driver (autodetected): hpdftex.

("C:\Program Files (x86)\MiKTeX 2.9\tex\latex\hyperref\hpdftex.def"
File: hpdftex.def 2011/02/07 v6.82b Hyperref driver for pdfTeX

("C:\Program Files (x86)\MiKTeX 2.9\tex\latex\oberdiek\atveryend.sty"
Package: atveryend 2010/03/24 v1.5 Hooks at very end of document (HO)
Package atveryend Info: \enddocument detected (standard).
)
\Fld@listcount=\count133
\c@bookmark@seq@number=\count134

("C:\Program Files (x86)\MiKTeX 2.9\tex\latex\oberdiek\rerunfilecheck.sty"
Package: rerunfilecheck 2010/03/16 v1.6 Rerun checks for auxiliary files (HO)

("C:\Program Files (x86)\MiKTeX 2.9\tex\generic\oberdiek\uniquecounter.sty"
Package: uniquecounter 2009/12/18 v1.1 Provides unlimited unique counter (HO)
)
Package uniquecounter Info: New unique counter `rerunfilecheck' on input line 2
71.
)
\Hy@SectionHShift=\skip69
)
\c@dummy=\count135

("C:\Program Files (x86)\MiKTeX 2.9\tex\latex\tools\longtable.sty"
Package: longtable 2004/02/01 v4.11 Multi-page Table package (DPC)
\LTleft=\skip70
\LTright=\skip71
\LTpre=\skip72
\LTpost=\skip73
\LTchunksize=\count136
\LTcapwidth=\dimen149
\LT@head=\box31
\LT@firsthead=\box32
\LT@foot=\box33
\LT@lastfoot=\box34
\LT@cols=\count137
\LT@rows=\count138
\c@LT@tables=\count139
\c@LT@chunks=\count140
\LT@p@ftn=\toks29
))
("C:\Program Files (x86)\MiKTeX 2.9\tex\latex\natbib\natbib.sty"
Package: natbib 2010/09/13 8.31b (PWD, AO)
\bibhang=\skip74
\bibsep=\skip75
LaTeX Info: Redefining \cite on input line 694.
\c@NAT@ctr=\count141
)
("C:\Program Files (x86)\MiKTeX 2.9\tex\latex\datetime\datetime.sty"
Package: datetime 2010/09/21 v2.58 Date Time Package

("C:\Program Files (x86)\MiKTeX 2.9\tex\latex\fmtcount\fmtcount.sty"
Package: fmtcount 2009/10/02 v1.31
\c@padzeroesN=\count142

("C:\Program Files (x86)\MiKTeX 2.9\tex\latex\fmtcount\fc-english.def"
File: fc-english 2007/05/26
)
("C:\Program Files (x86)\MiKTeX 2.9\tex\latex\fmtcount\fc-UKenglish.def"
File: fc-UKenglish 2007/06/14
)
("C:\Program Files (x86)\MiKTeX 2.9\tex\latex\fmtcount\fc-british.def"
File: fc-british 2007/06/14
)
("C:\Program Files (x86)\MiKTeX 2.9\tex\latex\fmtcount\fc-USenglish.def"
File: fc-USenglish 2007/06/14
)
("C:\Program Files (x86)\MiKTeX 2.9\tex\latex\fmtcount\fc-spanish.def"
File: fc-spanish.def 2007/05/26
)
("C:\Program Files (x86)\MiKTeX 2.9\tex\latex\fmtcount\fc-portuges.def"
File: fc-portuges.def 2007/05/26
)
("C:\Program Files (x86)\MiKTeX 2.9\tex\latex\fmtcount\fc-french.def"
File: fc-french.def 2007/05/26
)
("C:\Program Files (x86)\MiKTeX 2.9\tex\latex\fmtcount\fc-german.def"
File: fc-german.def 2007/06/14
)
("C:\Program Files (x86)\MiKTeX 2.9\tex\latex\fmtcount\fc-italian.def"
File: fc-italian.def 2009/10/02 Italian support for fmtcount (Edoardo Pasca)
)
No configuration file fmtcount.cfg found.
\@DT@modctr=\count143
\@ordinalctr=\count144
\@orgargctr=\count145
\@strctr=\count146
\@tmpstrctr=\count147
\@DT@loopN=\count148
\@DT@X=\count149
)
\@day=\count150
\@month=\count151
\@year=\count152
\c@HOUR=\count153
\c@HOURXII=\count154
\c@MINUTE=\count155
\c@TOHOUR=\count156
\c@TOMINUTE=\count157
\c@SECOND=\count158
\currenthour=\count159
\currentminute=\count160
\currentsecond=\count161
Package datetime Info: No datetime.cfg file found, using default settings on in
put line 292.
\@dtctr=\count162
\dayofyear=\count163
\dayofweek=\count164
LaTeX Info: Redefining \today on input line 724.
\dt@a=\toks30
\dt@b=\toks31
) ("C:\Program Files (x86)\MiKTeX 2.9\tex\latex\multirow\multirow.sty"
\bigstrutjot=\dimen150
)
("C:\Program Files (x86)\MiKTeX 2.9\tex\latex\graphics\color.sty"
Package: color 2005/11/14 v1.0j Standard LaTeX Color (DPC)

("C:\Program Files (x86)\MiKTeX 2.9\tex\latex\00miktex\color.cfg"
File: color.cfg 2007/01/18 v1.5 color configuration of teTeX/TeXLive
)
Package color Info: Driver file: pdftex.def on input line 130.
)
("C:\Program Files (x86)\MiKTeX 2.9\tex\latex\todonotes\todonotes.sty"
Package: todonotes 2010/09/26 .dtx Todonotes source and documentation.
Package: todonotes 2010/09/26

("C:\Program Files (x86)\MiKTeX 2.9\tex\latex\xkeyval\xkeyval.sty"
Package: xkeyval 2008/08/13 v2.6a package option processing (HA)

("C:\Program Files (x86)\MiKTeX 2.9\tex\generic\xkeyval\xkeyval.tex"
\XKV@toks=\toks32
\XKV@tempa@toks=\toks33
\XKV@depth=\count165
File: xkeyval.tex 2008/08/13 v2.6a key=value parser (HA)
))
("C:\Program Files (x86)\MiKTeX 2.9\tex\latex\xcolor\xcolor.sty"
Package: xcolor 2007/01/21 v2.11 LaTeX color extensions (UK)

("C:\Program Files (x86)\MiKTeX 2.9\tex\latex\00miktex\color.cfg"
File: color.cfg 2007/01/18 v1.5 color configuration of teTeX/TeXLive
)
Package xcolor Info: Driver file: pdftex.def on input line 225.
LaTeX Info: Redefining \color on input line 702.
Package xcolor Info: Model `cmy' substituted by `cmy0' on input line 1337.
Package xcolor Info: Model `hsb' substituted by `rgb' on input line 1341.
Package xcolor Info: Model `RGB' extended on input line 1353.
Package xcolor Info: Model `HTML' substituted by `rgb' on input line 1355.
Package xcolor Info: Model `Hsb' substituted by `hsb' on input line 1356.
Package xcolor Info: Model `tHsb' substituted by `hsb' on input line 1357.
Package xcolor Info: Model `HSB' substituted by `hsb' on input line 1358.
Package xcolor Info: Model `Gray' substituted by `gray' on input line 1359.
Package xcolor Info: Model `wave' substituted by `hsb' on input line 1360.
)
("C:\Program Files (x86)\MiKTeX 2.9\tex\latex\pgf\frontendlayer\tikz.sty"
("C:\Program Files (x86)\MiKTeX 2.9\tex\latex\pgf\basiclayer\pgf.sty"
("C:\Program Files (x86)\MiKTeX 2.9\tex\latex\pgf\utilities\pgfrcs.sty"
("C:\Program Files (x86)\MiKTeX 2.9\tex\generic\pgf\utilities\pgfutil-common.te
x"
\pgfutil@everybye=\toks34
)
("C:\Program Files (x86)\MiKTeX 2.9\tex\generic\pgf\utilities\pgfutil-latex.def
"
\pgfutil@abb=\box35
 ("C:\Program Files (x86)\MiKTeX 2.9\tex\latex\ms\everyshi.sty"
Package: everyshi 2001/05/15 v3.00 EveryShipout Package (MS)
))
("C:\Program Files (x86)\MiKTeX 2.9\tex\generic\pgf\utilities\pgfrcs.code.tex"
Package: pgfrcs 2010/10/25 v2.10 (rcs-revision 1.24)
))
Package: pgf 2008/01/15 v2.10 (rcs-revision 1.12)
 ("C:\Program Files (x86)\MiKTeX 2.9\tex\latex\pgf\basiclayer\pgfcore.sty"
("C:\Program Files (x86)\MiKTeX 2.9\tex\latex\pgf\systemlayer\pgfsys.sty"
("C:\Program Files (x86)\MiKTeX 2.9\tex\generic\pgf\systemlayer\pgfsys.code.tex
"
Package: pgfsys 2010/06/30 v2.10 (rcs-revision 1.37)
 ("C:\Program Files (x86)\MiKTeX 2.9\tex\generic\pgf\utilities\pgfkeys.code.tex
"
\pgfkeys@pathtoks=\toks35
\pgfkeys@temptoks=\toks36

("C:\Program Files (x86)\MiKTeX 2.9\tex\generic\pgf\utilities\pgfkeysfiltered.c
ode.tex"
\pgfkeys@tmptoks=\toks37
))
\pgf@x=\dimen151
\pgf@y=\dimen152
\pgf@xa=\dimen153
\pgf@ya=\dimen154
\pgf@xb=\dimen155
\pgf@yb=\dimen156
\pgf@xc=\dimen157
\pgf@yc=\dimen158
\w@pgf@writea=\write3
\r@pgf@reada=\read1
\c@pgf@counta=\count166
\c@pgf@countb=\count167
\c@pgf@countc=\count168
\c@pgf@countd=\count169

("C:\Program Files (x86)\MiKTeX 2.9\tex\generic\pgf\systemlayer\pgf.cfg"
File: pgf.cfg 2008/05/14  (rcs-revision 1.7)
)
Package pgfsys Info: Driver file for pgf: pgfsys-pdftex.def on input line 900.

("C:\Program Files (x86)\MiKTeX 2.9\tex\generic\pgf\systemlayer\pgfsys-pdftex.d
ef"
File: pgfsys-pdftex.def 2009/05/22  (rcs-revision 1.26)

("C:\Program Files (x86)\MiKTeX 2.9\tex\generic\pgf\systemlayer\pgfsys-common-p
df.def"
File: pgfsys-common-pdf.def 2008/05/19  (rcs-revision 1.10)
)))
("C:\Program Files (x86)\MiKTeX 2.9\tex\generic\pgf\systemlayer\pgfsyssoftpath.
code.tex"
File: pgfsyssoftpath.code.tex 2008/07/18  (rcs-revision 1.7)
\pgfsyssoftpath@smallbuffer@items=\count170
\pgfsyssoftpath@bigbuffer@items=\count171
)
("C:\Program Files (x86)\MiKTeX 2.9\tex\generic\pgf\systemlayer\pgfsysprotocol.
code.tex"
File: pgfsysprotocol.code.tex 2006/10/16  (rcs-revision 1.4)
))
("C:\Program Files (x86)\MiKTeX 2.9\tex\generic\pgf\basiclayer\pgfcore.code.tex
"
Package: pgfcore 2010/04/11 v2.10 (rcs-revision 1.7)
 ("C:\Program Files (x86)\MiKTeX 2.9\tex\generic\pgf\math\pgfmath.code.tex"
("C:\Program Files (x86)\MiKTeX 2.9\tex\generic\pgf\math\pgfmathcalc.code.tex"
("C:\Program Files (x86)\MiKTeX 2.9\tex\generic\pgf\math\pgfmathutil.code.tex")
("C:\Program Files (x86)\MiKTeX 2.9\tex\generic\pgf\math\pgfmathparser.code.tex
"
\pgfmath@dimen=\dimen159
\pgfmath@count=\count172
\pgfmath@box=\box36
\pgfmath@toks=\toks38
\pgfmath@stack@operand=\toks39
\pgfmath@stack@operation=\toks40
)
("C:\Program Files (x86)\MiKTeX 2.9\tex\generic\pgf\math\pgfmathfunctions.code.
tex"
("C:\Program Files (x86)\MiKTeX 2.9\tex\generic\pgf\math\pgfmathfunctions.basic
.code.tex")
("C:\Program Files (x86)\MiKTeX 2.9\tex\generic\pgf\math\pgfmathfunctions.trigo
nometric.code.tex")
("C:\Program Files (x86)\MiKTeX 2.9\tex\generic\pgf\math\pgfmathfunctions.rando
m.code.tex")
("C:\Program Files (x86)\MiKTeX 2.9\tex\generic\pgf\math\pgfmathfunctions.compa
rison.code.tex")
("C:\Program Files (x86)\MiKTeX 2.9\tex\generic\pgf\math\pgfmathfunctions.base.
code.tex")
("C:\Program Files (x86)\MiKTeX 2.9\tex\generic\pgf\math\pgfmathfunctions.round
.code.tex")
("C:\Program Files (x86)\MiKTeX 2.9\tex\generic\pgf\math\pgfmathfunctions.misc.
code.tex")))
("C:\Program Files (x86)\MiKTeX 2.9\tex\generic\pgf\math\pgfmathfloat.code.tex"
\c@pgfmathroundto@lastzeros=\count173
))
("C:\Program Files (x86)\MiKTeX 2.9\tex\generic\pgf\basiclayer\pgfcorepoints.co
de.tex"
File: pgfcorepoints.code.tex 2010/04/09  (rcs-revision 1.20)
\pgf@picminx=\dimen160
\pgf@picmaxx=\dimen161
\pgf@picminy=\dimen162
\pgf@picmaxy=\dimen163
\pgf@pathminx=\dimen164
\pgf@pathmaxx=\dimen165
\pgf@pathminy=\dimen166
\pgf@pathmaxy=\dimen167
\pgf@xx=\dimen168
\pgf@xy=\dimen169
\pgf@yx=\dimen170
\pgf@yy=\dimen171
\pgf@zx=\dimen172
\pgf@zy=\dimen173
)
("C:\Program Files (x86)\MiKTeX 2.9\tex\generic\pgf\basiclayer\pgfcorepathconst
ruct.code.tex"
File: pgfcorepathconstruct.code.tex 2010/08/03  (rcs-revision 1.24)
\pgf@path@lastx=\dimen174
\pgf@path@lasty=\dimen175
)
("C:\Program Files (x86)\MiKTeX 2.9\tex\generic\pgf\basiclayer\pgfcorepathusage
.code.tex"
File: pgfcorepathusage.code.tex 2008/04/22  (rcs-revision 1.12)
\pgf@shorten@end@additional=\dimen176
\pgf@shorten@start@additional=\dimen177
)
("C:\Program Files (x86)\MiKTeX 2.9\tex\generic\pgf\basiclayer\pgfcorescopes.co
de.tex"
File: pgfcorescopes.code.tex 2010/09/08  (rcs-revision 1.34)
\pgfpic=\box37
\pgf@hbox=\box38
\pgf@layerbox@main=\box39
\pgf@picture@serial@count=\count174
)
("C:\Program Files (x86)\MiKTeX 2.9\tex\generic\pgf\basiclayer\pgfcoregraphicst
ate.code.tex"
File: pgfcoregraphicstate.code.tex 2008/04/22  (rcs-revision 1.9)
\pgflinewidth=\dimen178
)
("C:\Program Files (x86)\MiKTeX 2.9\tex\generic\pgf\basiclayer\pgfcoretransform
ations.code.tex"
File: pgfcoretransformations.code.tex 2009/06/10  (rcs-revision 1.11)
\pgf@pt@x=\dimen179
\pgf@pt@y=\dimen180
\pgf@pt@temp=\dimen181
)
("C:\Program Files (x86)\MiKTeX 2.9\tex\generic\pgf\basiclayer\pgfcorequick.cod
e.tex"
File: pgfcorequick.code.tex 2008/10/09  (rcs-revision 1.3)
)
("C:\Program Files (x86)\MiKTeX 2.9\tex\generic\pgf\basiclayer\pgfcoreobjects.c
ode.tex"
File: pgfcoreobjects.code.tex 2006/10/11  (rcs-revision 1.2)
)
("C:\Program Files (x86)\MiKTeX 2.9\tex\generic\pgf\basiclayer\pgfcorepathproce
ssing.code.tex"
File: pgfcorepathprocessing.code.tex 2008/10/09  (rcs-revision 1.8)
)
("C:\Program Files (x86)\MiKTeX 2.9\tex\generic\pgf\basiclayer\pgfcorearrows.co
de.tex"
File: pgfcorearrows.code.tex 2008/04/23  (rcs-revision 1.11)
)
("C:\Program Files (x86)\MiKTeX 2.9\tex\generic\pgf\basiclayer\pgfcoreshade.cod
e.tex"
File: pgfcoreshade.code.tex 2008/11/23  (rcs-revision 1.13)
\pgf@max=\dimen182
\pgf@sys@shading@range@num=\count175
)
("C:\Program Files (x86)\MiKTeX 2.9\tex\generic\pgf\basiclayer\pgfcoreimage.cod
e.tex"
File: pgfcoreimage.code.tex 2010/03/25  (rcs-revision 1.16)

("C:\Program Files (x86)\MiKTeX 2.9\tex\generic\pgf\basiclayer\pgfcoreexternal.
code.tex"
File: pgfcoreexternal.code.tex 2010/09/01  (rcs-revision 1.17)
\pgfexternal@startupbox=\box40
))
("C:\Program Files (x86)\MiKTeX 2.9\tex\generic\pgf\basiclayer\pgfcorelayers.co
de.tex"
File: pgfcorelayers.code.tex 2010/08/27  (rcs-revision 1.2)
)
("C:\Program Files (x86)\MiKTeX 2.9\tex\generic\pgf\basiclayer\pgfcoretranspare
ncy.code.tex"
File: pgfcoretransparency.code.tex 2008/01/17  (rcs-revision 1.2)
)
("C:\Program Files (x86)\MiKTeX 2.9\tex\generic\pgf\basiclayer\pgfcorepatterns.
code.tex"
File: pgfcorepatterns.code.tex 2009/07/02  (rcs-revision 1.3)
)))
("C:\Program Files (x86)\MiKTeX 2.9\tex\generic\pgf\modules\pgfmoduleshapes.cod
e.tex"
File: pgfmoduleshapes.code.tex 2010/09/09  (rcs-revision 1.13)
\pgfnodeparttextbox=\box41
)
("C:\Program Files (x86)\MiKTeX 2.9\tex\generic\pgf\modules\pgfmoduleplot.code.
tex"
File: pgfmoduleplot.code.tex 2010/10/22  (rcs-revision 1.8)
)
("C:\Program Files (x86)\MiKTeX 2.9\tex\latex\pgf\compatibility\pgfcomp-version
-0-65.sty"
Package: pgfcomp-version-0-65 2007/07/03 v2.10 (rcs-revision 1.7)
\pgf@nodesepstart=\dimen183
\pgf@nodesepend=\dimen184
)
("C:\Program Files (x86)\MiKTeX 2.9\tex\latex\pgf\compatibility\pgfcomp-version
-1-18.sty"
Package: pgfcomp-version-1-18 2007/07/23 v2.10 (rcs-revision 1.1)
))
("C:\Program Files (x86)\MiKTeX 2.9\tex\latex\pgf\utilities\pgffor.sty"
("C:\Program Files (x86)\MiKTeX 2.9\tex\latex\pgf\utilities\pgfkeys.sty"
("C:\Program Files (x86)\MiKTeX 2.9\tex\generic\pgf\utilities\pgfkeys.code.tex"
)) ("C:\Program Files (x86)\MiKTeX 2.9\tex\generic\pgf\utilities\pgffor.code.te
x"
Package: pgffor 2010/03/23 v2.10 (rcs-revision 1.18)
\pgffor@iter=\dimen185
\pgffor@skip=\dimen186
\pgffor@stack=\toks41
\pgffor@toks=\toks42
))
("C:\Program Files (x86)\MiKTeX 2.9\tex\generic\pgf\frontendlayer\tikz\tikz.cod
e.tex"
Package: tikz 2010/10/13 v2.10 (rcs-revision 1.76)

("C:\Program Files (x86)\MiKTeX 2.9\tex\generic\pgf\libraries\pgflibraryplothan
dlers.code.tex"
File: pgflibraryplothandlers.code.tex 2010/05/31 v2.10 (rcs-revision 1.15)
\pgf@plot@mark@count=\count176
\pgfplotmarksize=\dimen187
)
\tikz@lastx=\dimen188
\tikz@lasty=\dimen189
\tikz@lastxsaved=\dimen190
\tikz@lastysaved=\dimen191
\tikzleveldistance=\dimen192
\tikzsiblingdistance=\dimen193
\tikz@figbox=\box42
\tikz@tempbox=\box43
\tikztreelevel=\count177
\tikznumberofchildren=\count178
\tikznumberofcurrentchild=\count179
\tikz@fig@count=\count180

("C:\Program Files (x86)\MiKTeX 2.9\tex\generic\pgf\modules\pgfmodulematrix.cod
e.tex"
File: pgfmodulematrix.code.tex 2010/08/24  (rcs-revision 1.4)
\pgfmatrixcurrentrow=\count181
\pgfmatrixcurrentcolumn=\count182
\pgf@matrix@numberofcolumns=\count183
)
\tikz@expandcount=\count184

("C:\Program Files (x86)\MiKTeX 2.9\tex\generic\pgf\frontendlayer\tikz\librarie
s\tikzlibrarytopaths.code.tex"
File: tikzlibrarytopaths.code.tex 2008/06/17 v2.10 (rcs-revision 1.2)
)))
\c@@todonotes@numberoftodonotes=\count185
)
("C:\Program Files (x86)\MiKTeX 2.9\tex\latex\nomencl\nomencl.sty"
Package: nomencl 2005/09/22 v4.2 Nomenclature package (LN)
\nomlabelwidth=\dimen194
\nom@tempdim=\dimen195
\nomitemsep=\skip76
)
\@nomenclaturefile=\write4

Writing nomenclature file report.nlo
Package hyperref Info: Option `colorlinks' set `true' on input line 20.
(H:\part3_project\Report\Definitions.tex
\c@address=\count186
\c@alg=\count187
) (H:\part3_project\Report\report.aux
(H:\part3_project\Report\Introduction.aux)
(H:\part3_project\Report\Research.aux)
(H:\part3_project\Report\HardwareDevelopment.aux)
(H:\part3_project\Report\InvestigationVision.aux)
(H:\part3_project\Report\Conclusions.aux)
(H:\part3_project\Report\Appendix_Gantt.aux)
(H:\part3_project\Report\Appendix_CircuitDiagrams.aux)
(H:\part3_project\Report\Appendix_PCB.aux)
(H:\part3_project\Report\Appendix_Costing.aux)
(H:\part3_project\Report\Appendix_Contents.aux)
(H:\part3_project\Report\Appendix_Bitmap.aux)
(H:\part3_project\Report\Appendix_RangeDerivations.aux))
LaTeX Font Info:    Checking defaults for OML/cmm/m/it on input line 25.
LaTeX Font Info:    ... okay on input line 25.
LaTeX Font Info:    Checking defaults for T1/cmr/m/n on input line 25.
LaTeX Font Info:    ... okay on input line 25.
LaTeX Font Info:    Checking defaults for OT1/cmr/m/n on input line 25.
LaTeX Font Info:    ... okay on input line 25.
LaTeX Font Info:    Checking defaults for OMS/cmsy/m/n on input line 25.
LaTeX Font Info:    ... okay on input line 25.
LaTeX Font Info:    Checking defaults for OMX/cmex/m/n on input line 25.
LaTeX Font Info:    ... okay on input line 25.
LaTeX Font Info:    Checking defaults for U/cmr/m/n on input line 25.
LaTeX Font Info:    ... okay on input line 25.
LaTeX Font Info:    Checking defaults for PD1/pdf/m/n on input line 25.
LaTeX Font Info:    ... okay on input line 25.
LaTeX Font Info:    Checking defaults for PU/pdf/m/n on input line 25.
LaTeX Font Info:    ... okay on input line 25.
Package caption Info: Begin \AtBeginDocument code.
Package caption Info: hyperref package is loaded.
Package caption Info: listings package is loaded.
Package caption Info: longtable package is loaded.

("C:\Program Files (x86)\MiKTeX 2.9\tex\latex\caption\ltcaption.sty"
Package: ltcaption 2008/03/28 v1.2 longtable captions (AR)
)
Package caption Info: rotating package is loaded.
Package caption Info: subfigure package is loaded.
Package caption Info: End \AtBeginDocument code.

("C:\Program Files (x86)\MiKTeX 2.9\tex\context\base\supp-pdf.mkii"
[Loading MPS to PDF converter (version 2006.09.02).]
\scratchcounter=\count188
\scratchdimen=\dimen196
\scratchbox=\box44
\nofMPsegments=\count189
\nofMParguments=\count190
\everyMPshowfont=\toks43
\MPscratchCnt=\count191
\MPscratchDim=\dimen197
\MPnumerator=\count192
\everyMPtoPDFconversion=\toks44
)
\c@lstlisting=\count193
\AtBeginShipoutBox=\box45
Package hyperref Info: Link coloring ON on input line 25.
 ("C:\Program Files (x86)\MiKTeX 2.9\tex\latex\hyperref\nameref.sty"
Package: nameref 2010/04/30 v2.40 Cross-referencing by name of section

("C:\Program Files (x86)\MiKTeX 2.9\tex\latex\oberdiek\refcount.sty"
Package: refcount 2008/08/11 v3.1 Data extraction from references (HO)
)
("C:\Program Files (x86)\MiKTeX 2.9\tex\generic\oberdiek\gettitlestring.sty"
Package: gettitlestring 2009/12/18 v1.3 Cleanup title references (HO)
)
\c@section@level=\count194
)
LaTeX Info: Redefining \ref on input line 25.
LaTeX Info: Redefining \pageref on input line 25.
LaTeX Info: Redefining \nameref on input line 25.

(H:\part3_project\Report\report.out) (H:\part3_project\Report\report.out)
\@outlinefile=\write5

ABD: EveryShipout initializing macros
------------------------------------------------------------------------------
 Title Page
------------------------------------------------------------------------------
LaTeX Font Info:    Try loading font information for U+msa on input line 43.
("C:\Program Files (x86)\MiKTeX 2.9\tex\latex\amsfonts\umsa.fd"
File: umsa.fd 2009/06/22 v3.00 AMS symbols A
)
LaTeX Font Info:    Try loading font information for U+msb on input line 43.

("C:\Program Files (x86)\MiKTeX 2.9\tex\latex\amsfonts\umsb.fd"
File: umsb.fd 2009/06/22 v3.00 AMS symbols B
) [1



{C:/ProgramData/MiKTeX/2.9/pdftex/config/pdftex.map}] [2

]
------------------------------------------------------------------------------
 Abstract Page
------------------------------------------------------------------------------
[3] [4

]
------------------------------------------------------------------------------
 Table of Contents
------------------------------------------------------------------------------
(H:\part3_project\Report\report.toc [5

] [6])
\tf@toc=\write6
 [7] [8

]
------------------------------------------------------------------------------
 List of Figures
------------------------------------------------------------------------------
(H:\part3_project\Report\report.lof [9

])
\tf@lof=\write7
 [10]
------------------------------------------------------------------------------
 List of Tables
------------------------------------------------------------------------------
(H:\part3_project\Report\report.lot)
\tf@lot=\write8
 [11


] [12

]
------------------------------------------------------------------------------
 Table of Contents
------------------------------------------------------------------------------
(H:\part3_project\Report\report.lol)
\tf@lol=\write9
 [13

] [14

]
------------------------------------------------------------------------------
 List of Symbols
------------------------------------------------------------------------------
[15

] [16

] (H:\part3_project\Report\report.nls) [17


] [18

]
------------------------------------------------------------------------------
 Acknowledgements
------------------------------------------------------------------------------
[19] [20

]
------------------------------------------------------------------------------
 Statement of Originality
------------------------------------------------------------------------------
LaTeX Font Info:    Try loading font information for OMS+cmr on input line 104.

("C:\Program Files (x86)\MiKTeX 2.9\tex\latex\base\omscmr.fd"
File: omscmr.fd 1999/05/25 v2.5h Standard LaTeX font definitions
)
LaTeX Font Info:    Font shape `OMS/cmr/m/n' in size <12> not available
(Font)              Font shape `OMS/cmsy/m/n' tried instead on input line 104.
 [21

] [22

]
(H:\part3_project\Report\Introduction.tex
Chapter 1.
------------------------------------------------------------------------------
 1 Introduction
------------------------------------------------------------------------------
<./Figures/RobotBase.jpg, id=759, 4291.03125pt x 2653.915pt>
File: ./Figures/RobotBase.jpg Graphic file (type jpg)

<use ./Figures/RobotBase.jpg> [1



]
Underfull \hbox (badness 5954) in paragraph at lines 76--76
[]\OT1/cmr/m/n/12 Failure of per-sonal com-puter
 []


Overfull \hbox (16.86548pt too wide) in paragraph at lines 71--79
 [][] 
 []

) [2 <H:/part3_project/Report/Figures/RobotBase.jpg>] [3]
(H:\part3_project\Report\Research.tex [4



]
Chapter 2.
------------------------------------------------------------------------------
 2 Research
------------------------------------------------------------------------------

Underfull \hbox (badness 10000) in paragraph at lines 20--22

 []

[5]
Underfull \hbox (badness 2310) in paragraph at lines 37--37
[]\OT1/cmr/bx/n/12 ARM Stel-
 []


Overfull \hbox (19.97507pt too wide) in paragraph at lines 37--37
[]\OT1/cmr/bx/n/12 AT32UC3C0512C| 
 []


Overfull \hbox (13.9475pt too wide) in paragraph at lines 37--37
[]\OT1/cmr/bx/n/12 XMegaA3BU| 
 []


Overfull \hbox (11.92189pt too wide) in paragraph at lines 37--37
[]\OT1/cmr/bx/n/12 ATMega644P| 
 []


Underfull \hbox (badness 6332) in paragraph at lines 38--38
[]\OT1/cmr/m/n/12 Clock Speed
 []


Underfull \hbox (badness 10000) in paragraph at lines 40--40
[]\OT1/cmr/m/n/12 64, 100,
 []


Underfull \hbox (badness 1990) in paragraph at lines 40--40
[]\OT1/cmr/m/n/12 64 QFP or
 []


Underfull \hbox (badness 4048) in paragraph at lines 40--40
[]\OT1/cmr/m/n/12 40 DIP, 44
 []


Underfull \hbox (badness 10000) in paragraph at lines 40--40
\OT1/cmr/m/n/12 TQFP, 44
 []


Underfull \hbox (badness 10000) in paragraph at lines 41--41
[]\OT1/cmr/m/n/12 Cost of 1
 []


Underfull \hbox (badness 10000) in paragraph at lines 42--42
[]\OT1/cmr/m/n/12 Flash
 []


Underfull \hbox (badness 10000) in paragraph at lines 44--44
[]\OT1/cmr/m/n/12 EEPROM
 []


Underfull \hbox (badness 10000) in paragraph at lines 46--46
[]\OT1/cmr/m/n/12 Operating
 []


Overfull \hbox (10.1381pt too wide) in paragraph at lines 47--47
[]\OT1/cmr/m/n/12 Communication
 []


Underfull \hbox (badness 10000) in paragraph at lines 47--47
[]\OT1/cmr/m/n/12 SPI, $\OML/cmm/m/it/12 I[]C$ \OT1/cmr/m/n/12 ,
 []


Underfull \hbox (badness 10000) in paragraph at lines 47--47
\OT1/cmr/m/n/12 SSI, MAC,
 []


Underfull \hbox (badness 10000) in paragraph at lines 47--47
\OT1/cmr/m/n/12 CAN, EPI,
 []


Underfull \hbox (badness 10000) in paragraph at lines 47--47
\OT1/cmr/m/n/12 USB, US-
 []


Underfull \hbox (badness 2951) in paragraph at lines 47--47
\OT1/cmr/m/n/12 USB, Eth-er-net,
 []


Underfull \hbox (badness 10000) in paragraph at lines 47--47
\OT1/cmr/m/n/12 CAN, US-ART,
 []


Underfull \hbox (badness 10000) in paragraph at lines 47--47
[]\OT1/cmr/m/n/12 USART,
 []


Underfull \hbox (badness 3724) in paragraph at lines 47--47
\OT1/cmr/m/n/12 TWI, USB,
 []


Underfull \hbox (badness 10000) in paragraph at lines 47--47
[]\OT1/cmr/m/n/12 SPI, TWI,
 []


Underfull \hbox (badness 10000) in paragraph at lines 48--48
[]\OT1/cmr/m/n/12 Floating
 []


Overfull \hbox (3.87682pt too wide) in paragraph at lines 36--53
 [][] 
 []

[6] [7]) [8] (H:\part3_project\Report\HardwareDevelopment.tex
Chapter 3.
------------------------------------------------------------------------------
 3 Hardware and Firmware Development
------------------------------------------------------------------------------
<Figures/OV7670_Back.jpg, id=842, 1462.46375pt x 1863.96375pt>
File: Figures/OV7670_Back.jpg Graphic file (type jpg)

<use Figures/OV7670_Back.jpg> [9



]
<./Figures/RGB565.png, id=854, 809.27344pt x 148.30406pt>
File: ./Figures/RGB565.png Graphic file (type png)

<use ./Figures/RGB565.png> [10 <H:/part3_project/Report/Figures/OV7670_Back.jpg
> <H:/part3_project/Report/Figures/RGB565.png (PNG copy)>]
Package epstopdf Info: Source file: <./Figures/ov7670_im_capture.eps>
(epstopdf)                    date: 2013-04-15 13:27:39
(epstopdf)                    size: 275837 bytes
(epstopdf)             Output file: <./Figures/ov7670_im_capture-eps-converted-
to.pdf>
(epstopdf)                    date: 2013-04-15 13:27:39
(epstopdf)                    size: 24951 bytes
(epstopdf)             Command: <epstopdf --outfile=./Figures/ov7670_im_capture
-eps-converted-to.pdf ./Figures/ov7670_im_capture.eps>
(epstopdf)             \includegraphics on input line 48.
Package epstopdf Info: Output file is already uptodate.

<./Figures/ov7670_im_capture-eps-converted-to.pdf, id=866, 1084.05pt x 486.8187
6pt>
File: ./Figures/ov7670_im_capture-eps-converted-to.pdf Graphic file (type pdf)
 <use ./Figures/ov7670_im_capture-eps-converted-to.pdf>
<./Figures/Camera_Hierarchy.jpg, id=867, 434.70406pt x 327.74445pt>
File: ./Figures/Camera_Hierarchy.jpg Graphic file (type jpg)

<use ./Figures/Camera_Hierarchy.jpg> [11 <H:/part3_project/Report/Figures/ov767
0_im_capture-eps-converted-to.pdf>] [12 <H:/part3_project/Report/Figures/Camera
_Hierarchy.jpg>] [13]
Underfull \hbox (badness 10000) in paragraph at lines 95--95
[]\OT1/cmr/m/n/12 *.jpg
 []


Underfull \hbox (badness 10000) in paragraph at lines 96--96
[]\OT1/cmr/m/n/12 Lossless
 []


Underfull \hbox (badness 10000) in paragraph at lines 96--96
[]\OT1/cmr/m/n/12 Lossless
 []


Underfull \hbox (badness 1946) in paragraph at lines 99--99
[]\OT1/cmr/m/n/12 24, 32 or
 []


Underfull \hbox (badness 10000) in paragraph at lines 99--99
[]\OT1/cmr/m/n/12 24, but
 []


Underfull \hbox (badness 10000) in paragraph at lines 99--99
\OT1/cmr/m/n/12 only 256
 []

<Figures/ExampleImageFromCamera.jpg, id=898, 321.2pt x 240.9pt>
File: Figures/ExampleImageFromCamera.jpg Graphic file (type jpg)

<use Figures/ExampleImageFromCamera.jpg> [14]
<./Figures/Prototype.jpg, id=906, 4117.3825pt x 2294.5725pt>
File: ./Figures/Prototype.jpg Graphic file (type jpg)

<use ./Figures/Prototype.jpg>
<./Figures/Camera_TFT.jpg, id=907, 4769.82pt x 3179.88pt>
File: ./Figures/Camera_TFT.jpg Graphic file (type jpg)

<use ./Figures/Camera_TFT.jpg> [15 <H:/part3_project/Report/Figures/ExampleImag
eFromCamera.jpg>] [16 <H:/part3_project/Report/Figures/Prototype.jpg> <H:/part3
_project/Report/Figures/Camera_TFT.jpg>]
<Figures/TCRT_Circuit.png, id=924, 283.0575pt x 450.9347pt>
File: Figures/TCRT_Circuit.png Graphic file (type png)

<use Figures/TCRT_Circuit.png>
Package epstopdf Info: Source file: <Figures/WheelVoltageGraph.eps>
(epstopdf)                    date: 2013-04-15 13:27:39
(epstopdf)                    size: 20713 bytes
(epstopdf)             Output file: <Figures/WheelVoltageGraph-eps-converted-to
.pdf>
(epstopdf)                    date: 2013-04-15 13:27:39
(epstopdf)                    size: 10984 bytes
(epstopdf)             Command: <epstopdf --outfile=Figures/WheelVoltageGraph-e
ps-converted-to.pdf Figures/WheelVoltageGraph.eps>
(epstopdf)             \includegraphics on input line 170.
Package epstopdf Info: Output file is already uptodate.

<Figures/WheelVoltageGraph-eps-converted-to.pdf, id=925, 1446.40375pt x 508.901
25pt>
File: Figures/WheelVoltageGraph-eps-converted-to.pdf Graphic file (type pdf)
 <use Figures/WheelVoltageGraph-eps-converted-to.pdf> [17] [18 <H:/part3_projec
t/Report/Figures/TCRT_Circuit.png (PNG copy)> <H:/part3_project/Report/Figures/
WheelVoltageGraph-eps-converted-to.pdf>] [19] [20]
<Figures/ASM.jpg, id=962, 516.0078pt x 356.2911pt>
File: Figures/ASM.jpg Graphic file (type jpg)
 <use Figures/ASM.jpg>
<./Figures/Robotbase_top_annot.jpg, id=963, 2086.04344pt x 2045.39156pt>
File: ./Figures/Robotbase_top_annot.jpg Graphic file (type jpg)

<use ./Figures/Robotbase_top_annot.jpg>
<./Figures/Robotbase_side_annot.jpg, id=964, 3438.8475pt x 1227.83719pt>
File: ./Figures/Robotbase_side_annot.jpg Graphic file (type jpg)

<use ./Figures/Robotbase_side_annot.jpg>
Overfull \hbox (3.91663pt too wide) in paragraph at lines 245--247
 [][] 
 []


Overfull \hbox (3.91663pt too wide) in paragraph at lines 245--247
 [][] 
 []

[21 <H:/part3_project/Report/Figures/ASM.jpg>] [22 <H:/part3_project/Report/Fig
ures/Robotbase_top_annot.jpg> <H:/part3_project/Report/Figures/Robotbase_side_a
nnot.jpg>]
Underfull \hbox (badness 10000) in paragraph at lines 268--268
[]\OT1/cmr/m/n/12 Distance
 []


Underfull \hbox (badness 10000) in paragraph at lines 268--268
\OT1/cmr/m/n/12 Spec-i-fied
 []


Underfull \hbox (badness 10000) in paragraph at lines 268--268
[]\OT1/cmr/m/n/12 Number
 []


Underfull \hbox (badness 10000) in paragraph at lines 268--268
\OT1/cmr/m/n/12 of Counts
 []


Underfull \hbox (badness 10000) in paragraph at lines 268--268
[]\OT1/cmr/m/n/12 Counts $\OMS/cmsy/m/n/12 $
 []


Underfull \hbox (badness 10000) in paragraph at lines 268--268
\OT1/cmr/m/n/12 Res-o-lu-tion
 []


Underfull \hbox (badness 10000) in paragraph at lines 268--268
[]\OT1/cmr/m/n/12 Average
 []


Underfull \hbox (badness 10000) in paragraph at lines 268--268
\OT1/cmr/m/n/12 Mea-sured
 []


Underfull \hbox (badness 10000) in paragraph at lines 268--268
\OT1/cmr/m/n/12 Dis-tance
 []

[23] <Figures/hierarchy.jpg, id=987, 1046.40938pt x 852.18375pt>
File: Figures/hierarchy.jpg Graphic file (type jpg)

<use Figures/hierarchy.jpg> [24]

LaTeX Warning: Float too large for page by 30.51561pt on input line 370.

[25 <H:/part3_project/Report/Figures/hierarchy.jpg>] [26]
<./Figures/PCB_Bare_Top.jpg, id=1015, 1602.98875pt x 2267.47125pt>
File: ./Figures/PCB_Bare_Top.jpg Graphic file (type jpg)

<use ./Figures/PCB_Bare_Top.jpg>
<./Figures/PCB_Bare_Bottom.jpg, id=1016, 1601.985pt x 2267.47125pt>
File: ./Figures/PCB_Bare_Bottom.jpg Graphic file (type jpg)

<use ./Figures/PCB_Bare_Bottom.jpg> [27]
("C:\Program Files (x86)\MiKTeX 2.9\tex\latex\listings\lstlang1.sty"
File: lstlang1.sty 2004/09/05 1.3 listings language file
)
("C:\Program Files (x86)\MiKTeX 2.9\tex\latex\listings\lstmisc.sty"
File: lstmisc.sty 2007/02/22 1.4 (Carsten Heinz)
)
(H:\part3_project\Code\ColumbusTest\ColumbusTest\src\main.c [28 <H:/part3_proje
ct/Report/Figures/PCB_Bare_Top.jpg> <H:/part3_project/Report/Figures/PCB_Bare_B
ottom.jpg>]) (H:\part3_project\Code\ColumbusTest\ColumbusTest\src\main.c
[29]) [30] (H:\part3_project\Code\ColumbusTest\ColumbusTest\src\main.c [31])

Package hyperref Warning: Token not allowed in a PDF string (Unicode):
(hyperref)                removing `math shift' on input line 434.


Package hyperref Warning: Token not allowed in a PDF string (Unicode):
(hyperref)                removing `superscript' on input line 434.


Package hyperref Warning: Token not allowed in a PDF string (Unicode):
(hyperref)                removing `math shift' on input line 434.

<./Figures/I2C_Probe_ACK.jpg, id=1178, 597.73312pt x 170.88844pt>
File: ./Figures/I2C_Probe_ACK.jpg Graphic file (type jpg)

<use ./Figures/I2C_Probe_ACK.jpg>
<./Figures/I2C_Probe_NACK.jpg, id=1179, 584.1825pt x 169.38281pt>
File: ./Figures/I2C_Probe_NACK.jpg Graphic file (type jpg)

<use ./Figures/I2C_Probe_NACK.jpg>
Overfull \hbox (3.91663pt too wide) in paragraph at lines 437--439
[][]
 []


Overfull \hbox (3.91663pt too wide) in paragraph at lines 437--439
[][] 
 []

[32 <H:/part3_project/Report/Figures/I2C_Probe_ACK.jpg> <H:/part3_project/Repor
t/Figures/I2C_Probe_NACK.jpg>]
(H:\part3_project\Code\ColumbusTest\ColumbusTest\src\main.c) [33]
(H:\part3_project\Code\ColumbusTest\ColumbusTest\src\main.c) [34]
(H:\part3_project\Code\ColumbusTest\ColumbusTest\src\main.c)
<./Figures/PCB_SDRAM.jpg, id=1283, 1539.7525pt x 1547.7825pt>
File: ./Figures/PCB_SDRAM.jpg Graphic file (type jpg)

<use ./Figures/PCB_SDRAM.jpg> [35]
Overfull \hbox (6.02278pt too wide) in paragraph at lines 502--507
[][] 
 []

[36 <H:/part3_project/Report/Figures/PCB_SDRAM.jpg>] [37]
<./Figures/MotorDriver_error.png, id=1310, 496.10344pt x 550.30594pt>
File: ./Figures/MotorDriver_error.png Graphic file (type png)

<use ./Figures/MotorDriver_error.png> [38 <H:/part3_project/Report/Figures/Moto
rDriver_error.png (PNG copy)>]
<./Figures/PCB_Top.jpg, id=1316, 2669.975pt x 1862.96pt>
File: ./Figures/PCB_Top.jpg Graphic file (type jpg)

<use ./Figures/PCB_Top.jpg>
<./Figures/PCB_Bottom.jpg, id=1317, 3880.4975pt x 2812.5075pt>
File: ./Figures/PCB_Bottom.jpg Graphic file (type jpg)

<use ./Figures/PCB_Bottom.jpg>
Overfull \hbox (3.91663pt too wide) in paragraph at lines 557--559
 [][] 
 []


Overfull \hbox (3.91663pt too wide) in paragraph at lines 557--559
 [][] 
 []

) [39] [40 <H:/part3_project/Report/Figures/PCB_Top.jpg> <H:/part3_project/Repo
rt/Figures/PCB_Bottom.jpg>] (H:\part3_project\Report\InvestigationVision.tex
Chapter 4.
------------------------------------------------------------------------------
 4 Vision Algorithms
------------------------------------------------------------------------------
<./Figures/deskLeft.png, id=1335, 401.5pt x 301.125pt>
File: ./Figures/deskLeft.png Graphic file (type png)

<use ./Figures/deskLeft.png>
<./Figures/deskRight.png, id=1336, 401.5pt x 301.125pt>
File: ./Figures/deskRight.png Graphic file (type png)

<use ./Figures/deskRight.png> [41



 <H:/part3_project/Report/Figures/deskLeft.png (PNG copy)> <H:/part3_project/Re
port/Figures/deskRight.png (PNG copy)>]
[42]
Package epstopdf Info: Source file: <./Figures/SADResults.eps>
(epstopdf)                    date: 2013-04-15 13:27:39
(epstopdf)                    size: 26690860 bytes
(epstopdf)             Output file: <./Figures/SADResults-eps-converted-to.pdf>

(epstopdf)                    date: 2013-04-15 15:12:29
(epstopdf)                    size: 122018 bytes
(epstopdf)             Command: <epstopdf --outfile=./Figures/SADResults-eps-co
nverted-to.pdf ./Figures/SADResults.eps>
(epstopdf)             \includegraphics on input line 71.
Package epstopdf Info: Output file is already uptodate.

<./Figures/SADResults-eps-converted-to.pdf, id=1357, 1445.4pt x 708.6475pt>
File: ./Figures/SADResults-eps-converted-to.pdf Graphic file (type pdf)

<use ./Figures/SADResults-eps-converted-to.pdf>
Package epstopdf Info: Source file: <./Figures/SSDResults.eps>
(epstopdf)                    date: 2013-04-15 13:27:39
(epstopdf)                    size: 19497756 bytes
(epstopdf)             Output file: <./Figures/SSDResults-eps-converted-to.pdf>

(epstopdf)                    date: 2013-04-15 13:27:39
(epstopdf)                    size: 252815 bytes
(epstopdf)             Command: <epstopdf --outfile=./Figures/SSDResults-eps-co
nverted-to.pdf ./Figures/SSDResults.eps>
(epstopdf)             \includegraphics on input line 72.
Package epstopdf Info: Output file is already uptodate.

<./Figures/SSDResults-eps-converted-to.pdf, id=1358, 1445.4pt x 517.935pt>
File: ./Figures/SSDResults-eps-converted-to.pdf Graphic file (type pdf)

<use ./Figures/SSDResults-eps-converted-to.pdf>
Package epstopdf Info: Source file: <./Figures/NCCResults.eps>
(epstopdf)                    date: 2013-04-15 13:27:35
(epstopdf)                    size: 26690860 bytes
(epstopdf)             Output file: <./Figures/NCCResults-eps-converted-to.pdf>

(epstopdf)                    date: 2013-04-15 15:12:29
(epstopdf)                    size: 212431 bytes
(epstopdf)             Command: <epstopdf --outfile=./Figures/NCCResults-eps-co
nverted-to.pdf ./Figures/NCCResults.eps>
(epstopdf)             \includegraphics on input line 73.
Package epstopdf Info: Output file is already uptodate.

<./Figures/NCCResults-eps-converted-to.pdf, id=1359, 1445.4pt x 708.6475pt>
File: ./Figures/NCCResults-eps-converted-to.pdf Graphic file (type pdf)

<use ./Figures/NCCResults-eps-converted-to.pdf> [43] [44 <H:/part3_project/Repo
rt/Figures/SADResults-eps-converted-to.pdf> <H:/part3_project/Report/Figures/SS
DResults-eps-converted-to.pdf> <H:/part3_project/Report/Figures/NCCResults-eps-
converted-to.pdf>] [45] <Figures/FoV.jpg, id=1478, 871.21484pt x 570.933pt>
File: Figures/FoV.jpg Graphic file (type jpg)

<use Figures/FoV.jpg> [46] [47 <H:/part3_project/Report/Figures/FoV.jpg>]
Underfull \hbox (badness 1147) in paragraph at lines 170--170
[]\OT1/cmr/m/n/12 Pixel Dif-fer-ence
 []


Underfull \hbox (badness 2617) in paragraph at lines 170--170
[]\OT1/cmr/m/n/12 Calculated Dis-
 []

<./Figures/Duck_L.jpg, id=1496, 321.2pt x 240.9pt>
File: ./Figures/Duck_L.jpg Graphic file (type jpg)
 <use ./Figures/Duck_L.jpg>
<./Figures/Duck_R.jpg, id=1497, 321.2pt x 240.9pt>
File: ./Figures/Duck_R.jpg Graphic file (type jpg)
 <use ./Figures/Duck_R.jpg>
Package epstopdf Info: Source file: <Figures/NCC_Duck.eps>
(epstopdf)                    date: 2013-04-15 13:27:35
(epstopdf)                    size: 26690858 bytes
(epstopdf)             Output file: <Figures/NCC_Duck-eps-converted-to.pdf>
(epstopdf)                    date: 2013-04-15 13:27:35
(epstopdf)                    size: 455659 bytes
(epstopdf)             Command: <epstopdf --outfile=Figures/NCC_Duck-eps-conver
ted-to.pdf Figures/NCC_Duck.eps>
(epstopdf)             \includegraphics on input line 193.
Package epstopdf Info: Output file is already uptodate.

<Figures/NCC_Duck-eps-converted-to.pdf, id=1498, 1445.4pt x 708.6475pt>
File: Figures/NCC_Duck-eps-converted-to.pdf Graphic file (type pdf)

<use Figures/NCC_Duck-eps-converted-to.pdf> [48 <H:/part3_project/Report/Figure
s/Duck_L.jpg> <H:/part3_project/Report/Figures/Duck_R.jpg>]
Package epstopdf Info: Source file: <Figures/BPlot.eps>
(epstopdf)                    date: 2013-04-15 13:27:33
(epstopdf)                    size: 26690855 bytes
(epstopdf)             Output file: <Figures/BPlot-eps-converted-to.pdf>
(epstopdf)                    date: 2013-04-15 13:27:33
(epstopdf)                    size: 223511 bytes
(epstopdf)             Command: <epstopdf --outfile=Figures/BPlot-eps-converted
-to.pdf Figures/BPlot.eps>
(epstopdf)             \includegraphics on input line 205.
Package epstopdf Info: Output file is already uptodate.

<Figures/BPlot-eps-converted-to.pdf, id=1509, 1445.4pt x 708.6475pt>
File: Figures/BPlot-eps-converted-to.pdf Graphic file (type pdf)

<use Figures/BPlot-eps-converted-to.pdf>
Package epstopdf Info: Source file: <Figures/Distance_DeltaX.eps>
(epstopdf)                    date: 2013-04-15 13:27:34
(epstopdf)                    size: 9459 bytes
(epstopdf)             Output file: <Figures/Distance_DeltaX-eps-converted-to.p
df>
(epstopdf)                    date: 2013-04-15 13:27:34
(epstopdf)                    size: 3599 bytes
(epstopdf)             Command: <epstopdf --outfile=Figures/Distance_DeltaX-eps
-converted-to.pdf Figures/Distance_DeltaX.eps>
(epstopdf)             \includegraphics on input line 210.
Package epstopdf Info: Output file is already uptodate.

<Figures/Distance_DeltaX-eps-converted-to.pdf, id=1510, 1446.40375pt x 525.965p
t>
File: Figures/Distance_DeltaX-eps-converted-to.pdf Graphic file (type pdf)
 <use Figures/Distance_DeltaX-eps-converted-to.pdf> [49 <H:/part3_project/Repor
t/Figures/NCC_Duck-eps-converted-to.pdf>]
Package epstopdf Info: Source file: <./Figures/Dirac_1D_Sig.eps>
(epstopdf)                    date: 2013-04-15 13:27:34
(epstopdf)                    size: 14482 bytes
(epstopdf)             Output file: <./Figures/Dirac_1D_Sig-eps-converted-to.pd
f>
(epstopdf)                    date: 2013-04-15 13:27:34
(epstopdf)                    size: 3558 bytes
(epstopdf)             Command: <epstopdf --outfile=./Figures/Dirac_1D_Sig-eps-
converted-to.pdf ./Figures/Dirac_1D_Sig.eps>
(epstopdf)             \includegraphics on input line 224.
Package epstopdf Info: Output file is already uptodate.

<./Figures/Dirac_1D_Sig-eps-converted-to.pdf, id=1547, 1446.40375pt x 528.97626
pt>
File: ./Figures/Dirac_1D_Sig-eps-converted-to.pdf Graphic file (type pdf)
 <use ./Figures/Dirac_1D_Sig-eps-converted-to.pdf>
Package epstopdf Info: Source file: <./Figures/Dirac_1D_Mag.eps>
(epstopdf)                    date: 2013-04-15 13:27:34
(epstopdf)                    size: 14657 bytes
(epstopdf)             Output file: <./Figures/Dirac_1D_Mag-eps-converted-to.pd
f>
(epstopdf)                    date: 2013-04-15 13:27:34
(epstopdf)                    size: 3610 bytes
(epstopdf)             Command: <epstopdf --outfile=./Figures/Dirac_1D_Mag-eps-
converted-to.pdf ./Figures/Dirac_1D_Mag.eps>
(epstopdf)             \includegraphics on input line 225.
Package epstopdf Info: Output file is already uptodate.

<./Figures/Dirac_1D_Mag-eps-converted-to.pdf, id=1548, 1446.40375pt x 525.965pt
>
File: ./Figures/Dirac_1D_Mag-eps-converted-to.pdf Graphic file (type pdf)
 <use ./Figures/Dirac_1D_Mag-eps-converted-to.pdf>
Package epstopdf Info: Source file: <./Figures/Dirac_1D_Phase.eps>
(epstopdf)                    date: 2013-04-15 13:27:34
(epstopdf)                    size: 18374 bytes
(epstopdf)             Output file: <./Figures/Dirac_1D_Phase-eps-converted-to.
pdf>
(epstopdf)                    date: 2013-04-15 13:27:34
(epstopdf)                    size: 9394 bytes
(epstopdf)             Command: <epstopdf --outfile=./Figures/Dirac_1D_Phase-ep
s-converted-to.pdf ./Figures/Dirac_1D_Phase.eps>
(epstopdf)             \includegraphics on input line 226.
Package epstopdf Info: Output file is already uptodate.

<./Figures/Dirac_1D_Phase-eps-converted-to.pdf, id=1549, 1446.40375pt x 546.04p
t>
File: ./Figures/Dirac_1D_Phase-eps-converted-to.pdf Graphic file (type pdf)
 <use ./Figures/Dirac_1D_Phase-eps-converted-to.pdf>
Overfull \hbox (3.91663pt too wide) in paragraph at lines 224--227
 [][] 
 []


Overfull \hbox (3.91663pt too wide) in paragraph at lines 224--227
 [][] 
 []


Overfull \hbox (3.91663pt too wide) in paragraph at lines 224--227
 [][] 
 []

Package epstopdf Info: Source file: <./Figures/Square_1D_Sig.eps>
(epstopdf)                    date: 2013-04-15 13:27:39
(epstopdf)                    size: 14639 bytes
(epstopdf)             Output file: <./Figures/Square_1D_Sig-eps-converted-to.p
df>
(epstopdf)                    date: 2013-04-15 13:27:39
(epstopdf)                    size: 3586 bytes
(epstopdf)             Command: <epstopdf --outfile=./Figures/Square_1D_Sig-eps
-converted-to.pdf ./Figures/Square_1D_Sig.eps>
(epstopdf)             \includegraphics on input line 233.
Package epstopdf Info: Output file is already uptodate.

<./Figures/Square_1D_Sig-eps-converted-to.pdf, id=1550, 1446.40375pt x 549.0512
5pt>
File: ./Figures/Square_1D_Sig-eps-converted-to.pdf Graphic file (type pdf)
 <use ./Figures/Square_1D_Sig-eps-converted-to.pdf>
Package epstopdf Info: Source file: <./Figures/Square_1D_Mag.eps>
(epstopdf)                    date: 2013-04-15 13:27:39
(epstopdf)                    size: 15881 bytes
(epstopdf)             Output file: <./Figures/Square_1D_Mag-eps-converted-to.p
df>
(epstopdf)                    date: 2013-04-15 13:27:39
(epstopdf)                    size: 8364 bytes
(epstopdf)             Command: <epstopdf --outfile=./Figures/Square_1D_Mag-eps
-converted-to.pdf ./Figures/Square_1D_Mag.eps>
(epstopdf)             \includegraphics on input line 234.
Package epstopdf Info: Output file is already uptodate.

<./Figures/Square_1D_Mag-eps-converted-to.pdf, id=1551, 1446.40375pt x 554.07pt
>
File: ./Figures/Square_1D_Mag-eps-converted-to.pdf Graphic file (type pdf)
 <use ./Figures/Square_1D_Mag-eps-converted-to.pdf>
Package epstopdf Info: Source file: <./Figures/Square_1D_Phase.eps>
(epstopdf)                    date: 2013-04-15 13:27:39
(epstopdf)                    size: 18125 bytes
(epstopdf)             Output file: <./Figures/Square_1D_Phase-eps-converted-to
.pdf>
(epstopdf)                    date: 2013-04-15 13:27:39
(epstopdf)                    size: 9097 bytes
(epstopdf)             Command: <epstopdf --outfile=./Figures/Square_1D_Phase-e
ps-converted-to.pdf ./Figures/Square_1D_Phase.eps>
(epstopdf)             \includegraphics on input line 235.
Package epstopdf Info: Output file is already uptodate.

<./Figures/Square_1D_Phase-eps-converted-to.pdf, id=1552, 1446.40375pt x 540.01
75pt>
File: ./Figures/Square_1D_Phase-eps-converted-to.pdf Graphic file (type pdf)
 <use ./Figures/Square_1D_Phase-eps-converted-to.pdf>
Overfull \hbox (3.91663pt too wide) in paragraph at lines 233--236
 [][] 
 []


Overfull \hbox (3.91663pt too wide) in paragraph at lines 233--236
 [][] 
 []


Overfull \hbox (3.91663pt too wide) in paragraph at lines 233--236
 [][] 
 []

[50 <H:/part3_project/Report/Figures/BPlot-eps-converted-to.pdf> <H:/part3_proj
ect/Report/Figures/Distance_DeltaX-eps-converted-to.pdf>] [51 <H:/part3_project
/Report/Figures/Dirac_1D_Sig-eps-converted-to.pdf> <H:/part3_project/Report/Fig
ures/Dirac_1D_Mag-eps-converted-to.pdf> <H:/part3_project/Report/Figures/Dirac_
1D_Phase-eps-converted-to.pdf>] [52 <H:/part3_project/Report/Figures/Square_1D_
Sig-eps-converted-to.pdf> <H:/part3_project/Report/Figures/Square_1D_Mag-eps-co
nverted-to.pdf> <H:/part3_project/Report/Figures/Square_1D_Phase-eps-converted-
to.pdf>] <./Figures/Dirac_2D_Sig.jpg, id=1642, 462.97969pt x 462.22687pt>
File: ./Figures/Dirac_2D_Sig.jpg Graphic file (type jpg)

<use ./Figures/Dirac_2D_Sig.jpg>
<./Figures/Dirac_2D_Mag.jpg, id=1643, 463.7325pt x 463.7325pt>
File: ./Figures/Dirac_2D_Mag.jpg Graphic file (type jpg)

<use ./Figures/Dirac_2D_Mag.jpg>
<./Figures/Dirac_2D_Phase.jpg, id=1644, 463.7325pt x 461.47406pt>
File: ./Figures/Dirac_2D_Phase.jpg Graphic file (type jpg)

<use ./Figures/Dirac_2D_Phase.jpg>
<./Figures/Square_2D_Sig.jpg, id=1645, 192.72pt x 192.72pt>
File: ./Figures/Square_2D_Sig.jpg Graphic file (type jpg)

<use ./Figures/Square_2D_Sig.jpg>
<./Figures/Square_2D_Abs.jpg, id=1646, 256.96pt x 256.96pt>
File: ./Figures/Square_2D_Abs.jpg Graphic file (type jpg)

<use ./Figures/Square_2D_Abs.jpg>
<./Figures/Square_2D_Phase.jpg, id=1647, 256.96pt x 256.96pt>
File: ./Figures/Square_2D_Phase.jpg Graphic file (type jpg)

<use ./Figures/Square_2D_Phase.jpg> [53] [54 <H:/part3_project/Report/Figures/D
irac_2D_Sig.jpg> <H:/part3_project/Report/Figures/Dirac_2D_Mag.jpg> <H:/part3_p
roject/Report/Figures/Dirac_2D_Phase.jpg>] [55 <H:/part3_project/Report/Figures
/Square_2D_Sig.jpg> <H:/part3_project/Report/Figures/Square_2D_Abs.jpg> <H:/par
t3_project/Report/Figures/Square_2D_Phase.jpg>]
Overfull \hbox (14.1674pt too wide) in paragraph at lines 307--308
\OT1/cmr/m/n/12 cro-con-troller. The FFT func-tion re-quires the data to be 4 b
yte aligned (A[]ALIGNED)
 []

[56]
Package epstopdf Info: Source file: <./Figures/AVR_FFT_Dirac_Input.eps>
(epstopdf)                    date: 2013-04-15 13:27:32
(epstopdf)                    size: 10139 bytes
(epstopdf)             Output file: <./Figures/AVR_FFT_Dirac_Input-eps-converte
d-to.pdf>
(epstopdf)                    date: 2013-04-15 13:27:32
(epstopdf)                    size: 3352 bytes
(epstopdf)             Command: <epstopdf --outfile=./Figures/AVR_FFT_Dirac_Inp
ut-eps-converted-to.pdf ./Figures/AVR_FFT_Dirac_Input.eps>
(epstopdf)             \includegraphics on input line 319.
Package epstopdf Info: Output file is already uptodate.

<./Figures/AVR_FFT_Dirac_Input-eps-converted-to.pdf, id=1694, 1446.40375pt x 55
7.08125pt>
File: ./Figures/AVR_FFT_Dirac_Input-eps-converted-to.pdf Graphic file (type pdf
)
 <use ./Figures/AVR_FFT_Dirac_Input-eps-converted-to.pdf>
Package epstopdf Info: Source file: <./Figures/AVR_FFT_Dirac_Complex_Mag.eps>
(epstopdf)                    date: 2013-04-15 13:27:32
(epstopdf)                    size: 10551 bytes
(epstopdf)             Output file: <./Figures/AVR_FFT_Dirac_Complex_Mag-eps-co
nverted-to.pdf>
(epstopdf)                    date: 2013-04-15 13:27:32
(epstopdf)                    size: 4547 bytes
(epstopdf)             Command: <epstopdf --outfile=./Figures/AVR_FFT_Dirac_Com
plex_Mag-eps-converted-to.pdf ./Figures/AVR_FFT_Dirac_Complex_Mag.eps>
(epstopdf)             \includegraphics on input line 324.
Package epstopdf Info: Output file is already uptodate.

<./Figures/AVR_FFT_Dirac_Complex_Mag-eps-converted-to.pdf, id=1695, 1446.40375p
t x 560.0925pt>
File: ./Figures/AVR_FFT_Dirac_Complex_Mag-eps-converted-to.pdf Graphic file (ty
pe pdf)
 <use ./Figures/AVR_FFT_Dirac_Complex_Mag-eps-converted-to.pdf>
Package epstopdf Info: Source file: <./Figures/AVR_FFT_Dirac_Complex_Phase.eps>

(epstopdf)                    date: 2013-04-15 13:27:32
(epstopdf)                    size: 11315 bytes
(epstopdf)             Output file: <./Figures/AVR_FFT_Dirac_Complex_Phase-eps-
converted-to.pdf>
(epstopdf)                    date: 2013-04-15 13:27:32
(epstopdf)                    size: 4795 bytes
(epstopdf)             Command: <epstopdf --outfile=./Figures/AVR_FFT_Dirac_Com
plex_Phase-eps-converted-to.pdf ./Figures/AVR_FFT_Dirac_Complex_Phase.eps>
(epstopdf)             \includegraphics on input line 325.
Package epstopdf Info: Output file is already uptodate.

<./Figures/AVR_FFT_Dirac_Complex_Phase-eps-converted-to.pdf, id=1696, 1446.4037
5pt x 708.6475pt>
File: ./Figures/AVR_FFT_Dirac_Complex_Phase-eps-converted-to.pdf Graphic file (
type pdf)

<use ./Figures/AVR_FFT_Dirac_Complex_Phase-eps-converted-to.pdf>
Overfull \hbox (3.91663pt too wide) in paragraph at lines 324--326
[][]
 []


Overfull \hbox (3.91663pt too wide) in paragraph at lines 324--326
[][] 
 []

Package epstopdf Info: Source file: <./Figures/AVR_FFT_Dirac_Mag.eps>
(epstopdf)                    date: 2013-04-15 13:27:32
(epstopdf)                    size: 10124 bytes
(epstopdf)             Output file: <./Figures/AVR_FFT_Dirac_Mag-eps-converted-
to.pdf>
(epstopdf)                    date: 2013-04-15 13:27:32
(epstopdf)                    size: 3345 bytes
(epstopdf)             Command: <epstopdf --outfile=./Figures/AVR_FFT_Dirac_Mag
-eps-converted-to.pdf ./Figures/AVR_FFT_Dirac_Mag.eps>
(epstopdf)             \includegraphics on input line 331.
Package epstopdf Info: Output file is already uptodate.

<./Figures/AVR_FFT_Dirac_Mag-eps-converted-to.pdf, id=1697, 1446.40375pt x 566.
115pt>
File: ./Figures/AVR_FFT_Dirac_Mag-eps-converted-to.pdf Graphic file (type pdf)
 <use ./Figures/AVR_FFT_Dirac_Mag-eps-converted-to.pdf>
Package epstopdf Info: Source file: <./Figures/AVR_FFT_Square_Input.eps>
(epstopdf)                    date: 2013-04-15 13:27:32
(epstopdf)                    size: 10130 bytes
(epstopdf)             Output file: <./Figures/AVR_FFT_Square_Input-eps-convert
ed-to.pdf>
(epstopdf)                    date: 2013-04-15 13:27:32
(epstopdf)                    size: 3355 bytes
(epstopdf)             Command: <epstopdf --outfile=./Figures/AVR_FFT_Square_In
put-eps-converted-to.pdf ./Figures/AVR_FFT_Square_Input.eps>
(epstopdf)             \includegraphics on input line 337.
Package epstopdf Info: Output file is already uptodate.

<./Figures/AVR_FFT_Square_Input-eps-converted-to.pdf, id=1698, 1446.40375pt x 5
29.98pt>
File: ./Figures/AVR_FFT_Square_Input-eps-converted-to.pdf Graphic file (type pd
f)
 <use ./Figures/AVR_FFT_Square_Input-eps-converted-to.pdf>
Package epstopdf Info: Source file: <./Figures/AVR_FFT_Square_Complex_Mag.eps>
(epstopdf)                    date: 2013-04-15 13:27:32
(epstopdf)                    size: 10923 bytes
(epstopdf)             Output file: <./Figures/AVR_FFT_Square_Complex_Mag-eps-c
onverted-to.pdf>
(epstopdf)                    date: 2013-04-15 13:27:32
(epstopdf)                    size: 4839 bytes
(epstopdf)             Command: <epstopdf --outfile=./Figures/AVR_FFT_Square_Co
mplex_Mag-eps-converted-to.pdf ./Figures/AVR_FFT_Square_Complex_Mag.eps>
(epstopdf)             \includegraphics on input line 342.
Package epstopdf Info: Output file is already uptodate.

<./Figures/AVR_FFT_Square_Complex_Mag-eps-converted-to.pdf, id=1699, 1446.40375
pt x 536.0025pt>
File: ./Figures/AVR_FFT_Square_Complex_Mag-eps-converted-to.pdf Graphic file (t
ype pdf)

<use ./Figures/AVR_FFT_Square_Complex_Mag-eps-converted-to.pdf>
Package epstopdf Info: Source file: <./Figures/AVR_FFT_Square_Complex_Phase.eps
>
(epstopdf)                    date: 2013-04-15 13:27:32
(epstopdf)                    size: 11101 bytes
(epstopdf)             Output file: <./Figures/AVR_FFT_Square_Complex_Phase-eps
-converted-to.pdf>
(epstopdf)                    date: 2013-04-15 13:27:32
(epstopdf)                    size: 5010 bytes
(epstopdf)             Command: <epstopdf --outfile=./Figures/AVR_FFT_Square_Co
mplex_Phase-eps-converted-to.pdf ./Figures/AVR_FFT_Square_Complex_Phase.eps>
(epstopdf)             \includegraphics on input line 343.
Package epstopdf Info: Output file is already uptodate.

<./Figures/AVR_FFT_Square_Complex_Phase-eps-converted-to.pdf, id=1700, 1446.403
75pt x 539.01375pt>
File: ./Figures/AVR_FFT_Square_Complex_Phase-eps-converted-to.pdf Graphic file 
(type pdf)

<use ./Figures/AVR_FFT_Square_Complex_Phase-eps-converted-to.pdf>
Overfull \hbox (3.91663pt too wide) in paragraph at lines 342--344
[][]
 []


Overfull \hbox (3.91663pt too wide) in paragraph at lines 342--344
[][] 
 []

Package epstopdf Info: Source file: <./Figures/AVR_FFT_Square_Mag.eps>
(epstopdf)                    date: 2013-04-15 13:27:33
(epstopdf)                    size: 10882 bytes
(epstopdf)             Output file: <./Figures/AVR_FFT_Square_Mag-eps-converted
-to.pdf>
(epstopdf)                    date: 2013-04-15 13:27:33
(epstopdf)                    size: 4772 bytes
(epstopdf)             Command: <epstopdf --outfile=./Figures/AVR_FFT_Square_Ma
g-eps-converted-to.pdf ./Figures/AVR_FFT_Square_Mag.eps>
(epstopdf)             \includegraphics on input line 348.
Package epstopdf Info: Output file is already uptodate.

<./Figures/AVR_FFT_Square_Mag-eps-converted-to.pdf, id=1701, 1446.40375pt x 532
.99126pt>
File: ./Figures/AVR_FFT_Square_Mag-eps-converted-to.pdf Graphic file (type pdf)

 <use ./Figures/AVR_FFT_Square_Mag-eps-converted-to.pdf> [57 <H:/part3_project/
Report/Figures/AVR_FFT_Dirac_Input-eps-converted-to.pdf>] [58 <H:/part3_project
/Report/Figures/AVR_FFT_Dirac_Complex_Mag-eps-converted-to.pdf> <H:/part3_proje
ct/Report/Figures/AVR_FFT_Dirac_Complex_Phase-eps-converted-to.pdf> <H:/part3_p
roject/Report/Figures/AVR_FFT_Dirac_Mag-eps-converted-to.pdf>]
[59 <H:/part3_project/Report/Figures/AVR_FFT_Square_Input-eps-converted-to.pdf>
 <H:/part3_project/Report/Figures/AVR_FFT_Square_Complex_Mag-eps-converted-to.p
df> <H:/part3_project/Report/Figures/AVR_FFT_Square_Complex_Phase-eps-converted
-to.pdf>] <Figures/AVR_FFT2_Dirac_Mag.jpg, id=1749, 316.18124pt x 313.17pt>
File: Figures/AVR_FFT2_Dirac_Mag.jpg Graphic file (type jpg)

<use Figures/AVR_FFT2_Dirac_Mag.jpg>
<Figures/AVR_FFT2_Dirac_Phase.jpg, id=1750, 311.66437pt x 310.91156pt>
File: Figures/AVR_FFT2_Dirac_Phase.jpg Graphic file (type jpg)

<use Figures/AVR_FFT2_Dirac_Phase.jpg>
Overfull \hbox (2.61107pt too wide) in paragraph at lines 360--362
[][] [][] 
 []

<Figures/AVR_FFT2_Square_Mag.jpg, id=1751, 48.93282pt x 48.93282pt>
File: Figures/AVR_FFT2_Square_Mag.jpg Graphic file (type jpg)

<use Figures/AVR_FFT2_Square_Mag.jpg>
<Figures/AVR_FFT2_Square_Phase.jpg, id=1752, 267.24844pt x 264.99pt>
File: Figures/AVR_FFT2_Square_Phase.jpg Graphic file (type jpg)

<use Figures/AVR_FFT2_Square_Phase.jpg>
Overfull \hbox (2.61107pt too wide) in paragraph at lines 367--369
[][] [][] 
 []

[60 <H:/part3_project/Report/Figures/AVR_FFT_Square_Mag-eps-converted-to.pdf>]
[61 <H:/part3_project/Report/Figures/AVR_FFT2_Dirac_Mag.jpg> <H:/part3_project/
Report/Figures/AVR_FFT2_Dirac_Phase.jpg> <H:/part3_project/Report/Figures/AVR_F
FT2_Square_Mag.jpg> <H:/part3_project/Report/Figures/AVR_FFT2_Square_Phase.jpg>
]) [62] (H:\part3_project\Report\Conclusions.tex
Chapter 5.
------------------------------------------------------------------------------
 5 Conclusions and Further Work
------------------------------------------------------------------------------
[63



] [64] <Figures/Robot.jpg, id=1793, 4769.82pt x 3179.88pt>
File: Figures/Robot.jpg Graphic file (type jpg)

<use Figures/Robot.jpg>
Overfull \hbox (7.49371pt too wide) in paragraph at lines 76--106
 [][] 
 []


LaTeX Warning: Float too large for page by 29.45343pt on input line 106.

) [65 <H:/part3_project/Report/Figures/Robot.jpg>] [66] [67] [68]
(H:\part3_project\Report\report.bbl [69


]) [70]
(H:\part3_project\Report\Appendix_Gantt.tex
Appendix A.
------------------------------------------------------------------------------
 A Gantt Charts
------------------------------------------------------------------------------
<Figures/Gantt.jpg, id=1836, 805.0878pt x 379.77885pt>
File: Figures/Gantt.jpg Graphic file (type jpg)
 <use Figures/Gantt.jpg>
[71


] [72 <H:/part3_project/Report/Figures/Gantt.jpg>]
<Figures/Gantt2.jpg, id=1845, 629.11035pt x 256.91985pt>
File: Figures/Gantt2.jpg Graphic file (type jpg)

<use Figures/Gantt2.jpg>
<Figures/Gantt3.jpg, id=1846, 805.0878pt x 379.77885pt>
File: Figures/Gantt3.jpg Graphic file (type jpg)

<use Figures/Gantt3.jpg>) [73 <H:/part3_project/Report/Figures/Gantt2.jpg>]
[74 <H:/part3_project/Report/Figures/Gantt3.jpg>]
(H:\part3_project\Report\Appendix_CircuitDiagrams.tex
Appendix B.
------------------------------------------------------------------------------
 B Circuit Diagrams
------------------------------------------------------------------------------
<Figures/OV7670_Schematic.jpg, id=1855, 844.5954pt x 597.432pt>
File: Figures/OV7670_Schematic.jpg Graphic file (type jpg)

<use Figures/OV7670_Schematic.jpg> [75




] [76 <H:/part3_project/Report/Figures/OV7670_Schematic.jpg>]
<Figures/IlMattoCamera_CircuitDiagram.png, id=1865, 753.0534pt x 694.7556pt>
File: Figures/IlMattoCamera_CircuitDiagram.png Graphic file (type png)

<use Figures/IlMattoCamera_CircuitDiagram.png> [77

 <H:/part3_project/Report/Figures/IlMattoCamera_CircuitDiagram.png (PNG copy)>]

<./Figures/ColumbusCircuitPage1.png, id=1870, 767.9892pt x 492.8814pt>
File: ./Figures/ColumbusCircuitPage1.png Graphic file (type png)

<use ./Figures/ColumbusCircuitPage1.png>
<./Figures/ColumbusCircuitPage2.png, id=1871, 493.3632pt x 182.1204pt>
File: ./Figures/ColumbusCircuitPage2.png Graphic file (type png)

<use ./Figures/ColumbusCircuitPage2.png>

LaTeX Warning: Float too large for page by 24.56201pt on input line 36.

<./Figures/ColumbusCircuitPage3.png, id=1872, 447.1104pt x 189.3474pt>
File: ./Figures/ColumbusCircuitPage3.png Graphic file (type png)

<use ./Figures/ColumbusCircuitPage3.png>

LaTeX Warning: Float too large for page by 24.56552pt on input line 43.

<./Figures/ColumbusCircuitPage4.png, id=1873, 423.5022pt x 362.7954pt>
File: ./Figures/ColumbusCircuitPage4.png Graphic file (type png)

<use ./Figures/ColumbusCircuitPage4.png>
<./Figures/ColumbusCircuitPage5.png, id=1874, 406.1574pt x 385.9218pt>
File: ./Figures/ColumbusCircuitPage5.png Graphic file (type png)

<use ./Figures/ColumbusCircuitPage5.png>
<./Figures/ColumbusCircuitPage6.png, id=1875, 377.2494pt x 297.7524pt>
File: ./Figures/ColumbusCircuitPage6.png Graphic file (type png)

<use ./Figures/ColumbusCircuitPage6.png>) [78

] [79 <H:/part3_project/Report/Figures/ColumbusCircuitPage1.png (PNG copy)>] [8
0 <H:/part3_project/Report/Figures/ColumbusCircuitPage2.png (PNG copy)>] [81 <H
:/part3_project/Report/Figures/ColumbusCircuitPage3.png (PNG copy)>] [82 <H:/pa
rt3_project/Report/Figures/ColumbusCircuitPage4.png (PNG copy)>] [83 <H:/part3_
project/Report/Figures/ColumbusCircuitPage5.png (PNG copy)>] [84 <H:/part3_proj
ect/Report/Figures/ColumbusCircuitPage6.png (PNG copy)>] (H:\part3_project\Repo
rt\Appendix_PCB.tex
Appendix C.
------------------------------------------------------------------------------
 C PCB Design
------------------------------------------------------------------------------
<Figures/ColumbusPCBTop_GP.png, id=1905, 290.16405pt x 212.69061pt>
File: Figures/ColumbusPCBTop_GP.png Graphic file (type png)

<use Figures/ColumbusPCBTop_GP.png> [85



] [86 <H:/part3_project/Report/Figures/ColumbusPCBTop_GP.png (PNG copy)>]
<Figures/ColumbusPCBBottom_GP.png, id=1914, 290.16405pt x 212.69061pt>
File: Figures/ColumbusPCBBottom_GP.png Graphic file (type png)

<use Figures/ColumbusPCBBottom_GP.png> [87

 <H:/part3_project/Report/Figures/ColumbusPCBBottom_GP.png (PNG copy)>])
(H:\part3_project\Report\Appendix_Costing.tex [88




]
Appendix D.
------------------------------------------------------------------------------
 D Costings and Components
------------------------------------------------------------------------------

Underfull \hbox (badness 10000) in paragraph at lines 11--11
[]\OT1/cmr/m/n/12 Cost per
 []

) [89] [90] (H:\part3_project\Report\Appendix_Contents.tex
Appendix E.
------------------------------------------------------------------------------
 E Contents of Files
------------------------------------------------------------------------------
[91



]) [92] (H:\part3_project\Report\Appendix_Bitmap.tex
Appendix F.
------------------------------------------------------------------------------
 F Bitmap File Format
------------------------------------------------------------------------------

Underfull \hbox (badness 10000) in paragraph at lines 10--10
[]|\OT1/cmr/m/n/12 Size
 []


Underfull \hbox (badness 10000) in paragraph at lines 10--10
[]|\OT1/cmr/m/n/12 Value
 []


Overfull \hbox (12.41272pt too wide) in alignment at lines 7--11
 [] [] [] [] [] 
 []


Underfull \hbox (badness 10000) in paragraph at lines 15--15
[]|\OT1/cmr/m/n/12 Size
 []


Underfull \hbox (badness 10000) in paragraph at lines 15--15
[]|\OT1/cmr/m/n/12 Value
 []


Overfull \hbox (12.41272pt too wide) in alignment at lines 11--16
 [] [] [] [] [] 
 []


Overfull \hbox (12.41272pt too wide) in alignment at lines 16--19
 [] [] [] [] [] 
 []


Overfull \hbox (12.41272pt too wide) in alignment at lines 19--22
 [] [] [] [] [] 
 []


Underfull \hbox (badness 10000) in paragraph at lines 24--24
[]|\OT1/cmr/m/n/12 Bitmap
 []


Underfull \hbox (badness 10000) in paragraph at lines 25--26
[]|\OT1/cmr/m/n/12 36580200
 []


Underfull \hbox (badness 10000) in paragraph at lines 27--27
[]|\OT1/cmr/m/n/12 Offset to
 []


Underfull \hbox (badness 2894) in paragraph at lines 27--27
[]|\OT1/cmr/m/n/12 The ad-dress of the
 []


Underfull \hbox (badness 4582) in paragraph at lines 29--29
[]|\OT1/cmr/m/n/12 DIB (De-vice
 []


Underfull \hbox (badness 10000) in paragraph at lines 29--29
\OT1/cmr/m/n/12 In-de-pen-dent
 []


Underfull \hbox (badness 10000) in paragraph at lines 29--29
\OT1/cmr/m/n/12 Bitmap)
 []


Underfull \hbox (badness 10000) in paragraph at lines 29--29
[]|\OT1/cmr/m/n/12 Size of the DIB
 []


Underfull \hbox (badness 1199) in paragraph at lines 29--29
\OT1/cmr/m/n/12 Header (dic-tates the
 []


Underfull \hbox (badness 1152) in paragraph at lines 30--30
[]|\OT1/cmr/m/n/12 Width of the im-age
 []


Underfull \hbox (badness 10000) in paragraph at lines 32--32
[]|\OT1/cmr/m/n/12 Number of colour
 []


Underfull \hbox (badness 1831) in paragraph at lines 33--33
[]|\OT1/cmr/m/n/12 Number of bits per
 []


Underfull \hbox (badness 10000) in paragraph at lines 34--34
[]|\OT1/cmr/m/n/12 Compression Be-ing
 []


Underfull \hbox (badness 2932) in paragraph at lines 36--36
[]|\OT1/cmr/m/n/12 Horizontal res-o-lu-tion
 []


Underfull \hbox (badness 2452) in paragraph at lines 36--37
[]|\OT1/cmr/m/n/12 13 0B 00
 []


Underfull \hbox (badness 2452) in paragraph at lines 37--38
[]|\OT1/cmr/m/n/12 13 0B 00
 []


Underfull \hbox (badness 10000) in paragraph at lines 38--38
[]|\OT1/cmr/m/n/12 Colours in
 []


Underfull \hbox (badness 10000) in paragraph at lines 39--39
[]|\OT1/cmr/m/n/12 Important
 []


Underfull \hbox (badness 3471) in paragraph at lines 41--41
[]|\OT1/cmr/m/n/12 Bit mask of Green
 []


Underfull \hbox (badness 2662) in paragraph at lines 41--42
[]|\OT1/cmr/m/n/12 E0 07 00
 []


Underfull \hbox (badness 3343) in paragraph at lines 43--43
[]|\OT1/cmr/m/n/12 Bit mask of Al-pha
 []


Overfull \hbox (12.41272pt too wide) in alignment at lines 22--45
 [] [] [] [] [] 
 []


Underfull \hbox (badness 10000) in paragraph at lines 45--45
[]|\OT1/cmr/m/n/12 Sets end-points for
 []


Underfull \hbox (badness 10000) in paragraph at lines 45--45
\OT1/cmr/m/n/12 colours within the
 []


Underfull \hbox (badness 10000) in paragraph at lines 45--46
[]|\OT1/cmr/m/n/12 Whole
 []


Underfull \hbox (badness 10000) in paragraph at lines 47--47
[]|\OT1/cmr/m/n/12 Gamma
 []


Underfull \hbox (badness 10000) in paragraph at lines 47--47
[]|\OT1/cmr/m/n/12 Gamma Value of
 []


Underfull \hbox (badness 10000) in paragraph at lines 47--47
\OT1/cmr/m/n/12 Green Field (not
 []


Underfull \hbox (badness 4036) in paragraph at lines 49--49
[]|\OT1/cmr/m/n/12 Enum dic-tat-ing the
 []


Underfull \hbox (badness 2103) in paragraph at lines 49--49
\OT1/cmr/m/n/12 in-tent of the im-age
 []


Underfull \hbox (badness 10000) in paragraph at lines 50--50
[]|\OT1/cmr/m/n/12 ICC Pro-file
 []


Underfull \hbox (badness 2205) in paragraph at lines 50--50
[]|\OT1/cmr/m/n/12 Offset from the file
 []


Underfull \hbox (badness 10000) in paragraph at lines 50--50
\OT1/cmr/m/n/12 start to the ICC
 []


Underfull \hbox (badness 4660) in paragraph at lines 50--50
\OT1/cmr/m/n/12 Colour Pro-file (Not
 []


Underfull \hbox (badness 10000) in paragraph at lines 51--51
[]|\OT1/cmr/m/n/12 ICC Pro-file
 []


Underfull \hbox (badness 10000) in paragraph at lines 54--54
[]|\OT1/cmr/m/n/12 Image Data
 []


Underfull \hbox (badness 10000) in paragraph at lines 54--54
[]|\OT1/cmr/m/n/12 Each field
 []


Underfull \hbox (badness 10000) in paragraph at lines 54--54
\OT1/cmr/m/n/12 con-tains all
 []


Underfull \hbox (badness 3138) in paragraph at lines 54--54
[]|\OT1/cmr/m/n/12 Padding is used to
 []


Overfull \hbox (12.41272pt too wide) in alignment at lines 45--59
 [] [] [] [] [] 
 []

[93



] [94]) [95] (H:\part3_project\Report\Appendix_RangeDerivations.tex [96



]
Appendix G.
------------------------------------------------------------------------------
 G Range Finding Derivations
------------------------------------------------------------------------------
<Figures/problem1.png, id=1960, 791.20593pt x 910.15031pt>
File: Figures/problem1.png Graphic file (type png)

<use Figures/problem1.png> [97] [98 <H:/part3_project/Report/Figures/problem1.p
ng (PNG copy)>] <Figures/problem2.png, id=1992, 805.50937pt x 928.97063pt>
File: Figures/problem2.png Graphic file (type png)

<use Figures/problem2.png> [99]
<Figures/problem3.png, id=2009, 797.98125pt x 919.93687pt>
File: Figures/problem3.png Graphic file (type png)

<use Figures/problem3.png>) [100 <H:/part3_project/Report/Figures/problem2.png 
(PNG copy)>] [101 <H:/part3_project/Report/Figures/problem3.png (PNG copy)>]
[102


]
------------------------------------------------------------------------------
 References
------------------------------------------------------------------------------
Package atveryend Info: Empty hook `BeforeClearDocument' on input line 131.
Package atveryend Info: Empty hook `AfterLastShipout' on input line 131.
(H:\part3_project\Report\report.aux (H:\part3_project\Report\Introduction.aux)
(H:\part3_project\Report\Research.aux)
(H:\part3_project\Report\HardwareDevelopment.aux)
(H:\part3_project\Report\InvestigationVision.aux)
(H:\part3_project\Report\Conclusions.aux)
(H:\part3_project\Report\Appendix_Gantt.aux)
(H:\part3_project\Report\Appendix_CircuitDiagrams.aux)
(H:\part3_project\Report\Appendix_PCB.aux)
(H:\part3_project\Report\Appendix_Costing.aux)
(H:\part3_project\Report\Appendix_Contents.aux)
(H:\part3_project\Report\Appendix_Bitmap.aux)
(H:\part3_project\Report\Appendix_RangeDerivations.aux))
Package atveryend Info: Executing hook `AtVeryEndDocument' on input line 131.
Package rerunfilecheck Info: File `report.out' has not changed.
(rerunfilecheck)             Checksum: CD1546E4BB8C68048853E9EC5C5D60B8;14853.
 ) 
Here is how much of TeX's memory you used:
 21832 strings out of 494053
 373744 string characters out of 3146179
 864196 words of memory out of 3000000
 23838 multiletter control sequences out of 15000+200000
 14986 words of font info for 58 fonts, out of 3000000 for 9000
 715 hyphenation exceptions out of 8191
 63i,18n,100p,1439b,1889s stack positions out of 5000i,500n,10000p,200000b,50000s
pdfTeX warning (dest): name{Hfootnote.453} has been referenced but does not e
xist, replaced by a fixed one

pdfTeX warning (dest): name{Hfootnote.24} has been referenced but does not exis
t, replaced by a fixed one

<C:/Program Files (x86)/MiKTeX 2.9/fonts/type1/public/amsfonts/cm/cmbx12.pfb><C
:/Program Files (x86)/MiKTeX 2.9/fonts/type1/public/amsfonts/cm/cmcsc10.pfb><C:
/Program Files (x86)/MiKTeX 2.9/fonts/type1/public/amsfonts/cm/cmex10.pfb><C:/P
rogram Files (x86)/MiKTeX 2.9/fonts/type1/public/amsfonts/cm/cmmi10.pfb><C:/Pro
gram Files (x86)/MiKTeX 2.9/fonts/type1/public/amsfonts/cm/cmmi12.pfb><C:/Progr
am Files (x86)/MiKTeX 2.9/fonts/type1/public/amsfonts/cm/cmmi6.pfb><C:/Program 
Files (x86)/MiKTeX 2.9/fonts/type1/public/amsfonts/cm/cmmi8.pfb><C:/Program Fil
es (x86)/MiKTeX 2.9/fonts/type1/public/amsfonts/cm/cmr10.pfb><C:/Program Files 
(x86)/MiKTeX 2.9/fonts/type1/public/amsfonts/cm/cmr12.pfb><C:/Program Files (x8
6)/MiKTeX 2.9/fonts/type1/public/amsfonts/cm/cmr6.pfb><C:/Program Files (x86)/M
iKTeX 2.9/fonts/type1/public/amsfonts/cm/cmr7.pfb><C:/Program Files (x86)/MiKTe
X 2.9/fonts/type1/public/amsfonts/cm/cmr8.pfb><C:/Program Files (x86)/MiKTeX 2.
9/fonts/type1/public/amsfonts/cm/cmsl12.pfb><C:/Program Files (x86)/MiKTeX 2.9/
fonts/type1/public/amsfonts/cm/cmsy10.pfb><C:/Program Files (x86)/MiKTeX 2.9/fo
nts/type1/public/amsfonts/cm/cmsy8.pfb><C:/Program Files (x86)/MiKTeX 2.9/fonts
/type1/public/amsfonts/cm/cmti12.pfb><C:/Program Files (x86)/MiKTeX 2.9/fonts/t
ype1/public/amsfonts/cm/cmtt8.pfb><C:/Program Files (x86)/MiKTeX 2.9/fonts/type
1/public/amsfonts/cm/cmu10.pfb><C:/Program Files (x86)/MiKTeX 2.9/fonts/type1/p
ublic/amsfonts/symbols/msbm10.pfb>
Output written on report.pdf (124 pages, 35607763 bytes).
PDF statistics:
 2216 PDF objects out of 2487 (max. 8388607)
 633 named destinations out of 1000 (max. 500000)
 1063 words of extra memory for PDF output out of 10000 (max. 10000000)

