#
# An unexpected error has been detected by Java Runtime Environment:
#
#  Internal Error (os_windows_x86.cpp:117), pid=6808, tid=9432
#  Error: guarantee(result == -1,"Unexpected result from topLevelExceptionFilter")
#
# Java VM: Java HotSpot(TM) 64-Bit Server VM (11.2-b01 mixed mode windows-amd64)
# If you would like to submit a bug report, please visit:
#   http://java.sun.com/webapps/bugreport/crash.jsp
# The crash happened outside the Java Virtual Machine in native code.
# See problematic frame for where to report the bug.
#

---------------  T H R E A D  ---------------

Current thread (0x000000000169f000):  JavaThread "main" [_thread_in_native, id=9432, stack(0x0000000000030000,0x0000000001030000)]

Stack: [0x0000000000030000,0x0000000001030000]
[error occurred during error reporting (printing stack bounds), id 0xc0000005]


[error occurred during error reporting (printing native stack), id 0xc0000005]

Java frames: (J=compiled Java code, j=interpreted, Vv=VM code)
j  com.mathworks.jmi.NativeMatlab.ProcessPendingEvents()Z+0
j  com.mathworks.jmi.NativeMatlab.processPendingEvents()Z+8
j  com.mathworks.jmi.Matlab$ProcessPendingEvents.callBooleanMethod(Ljava/lang/Object;)Z+0
j  com.mathworks.util.FactoryUtils.processPendingEvents()Z+12
j  com.mathworks.mwswing.desk.Desktop.canClose()Z+38
j  com.mathworks.mde.desk.MLDesktop.canClose()Z+113
j  com.mathworks.mde.desk.MLDesktop$2.call()Ljava/lang/Boolean;+4
j  com.mathworks.mde.desk.MLDesktop$2.call()Ljava/lang/Object;+1
j  com.mathworks.jmi.Matlab.isOkToExit()Z+54
v  ~StubRoutines::call_stub
j  com.mathworks.jmi.NativeMatlab.SendMatlabMessage(Ljava/lang/Object;)Ljava/lang/Object;+0
j  com.mathworks.jmi.NativeMatlab.sendMatlabMessage(Ljava/lang/Object;)Ljava/lang/Object;+22
j  com.mathworks.jmi.MatlabLooper.sendMatlabMessage(Lcom/mathworks/services/message/MWMessage;)Ljava/lang/Object;+20
j  com.mathworks.jmi.Matlab.mtFevalConsoleOutput(Ljava/lang/String;[Ljava/lang/Object;I)Ljava/lang/Object;+58
j  com.mathworks.mde.desk.MLDesktop$9.run()V+14
j  com.mathworks.jmi.NativeMatlab.dispatchMTRequests(Z)V+50
v  ~StubRoutines::call_stub

---------------  P R O C E S S  ---------------

Java Threads: ( => current thread )
  0x0000000034578c00 JavaThread "Foxtrot Multi Worker Thread Runner #2" daemon [_thread_blocked, id=6176, stack(0x00000000074e0000,0x0000000007560000)]
  0x0000000034572c00 JavaThread "pool-2-thread-1" [_thread_blocked, id=2712, stack(0x0000000006f60000,0x0000000006fe0000)]
  0x0000000034578800 JavaThread "Foxtrot Single Worker Thread #1" daemon [_thread_blocked, id=8964, stack(0x0000000006ba0000,0x0000000006c20000)]
  0x0000000034575c00 JavaThread "Active Reference Queue Daemon" daemon [_thread_blocked, id=8416, stack(0x0000000035f70000,0x0000000035ff0000)]
  0x0000000034574800 JavaThread "Timer-8" daemon [_thread_blocked, id=5892, stack(0x0000000035d70000,0x0000000035df0000)]
  0x0000000034575400 JavaThread "FelixPackageAdmin" daemon [_thread_blocked, id=7020, stack(0x0000000035ef0000,0x0000000035f70000)]
  0x0000000034575000 JavaThread "FelixStartLevel" daemon [_thread_blocked, id=9796, stack(0x0000000035e70000,0x0000000035ef0000)]
  0x0000000034573800 JavaThread "FelixDispatchQueue" daemon [_thread_blocked, id=9956, stack(0x0000000035df0000,0x0000000035e70000)]
  0x0000000034574000 JavaThread "Timer-7" daemon [_thread_blocked, id=10196, stack(0x0000000035cf0000,0x0000000035d70000)]
  0x0000000034573400 JavaThread "Prefs Updater" daemon [_thread_blocked, id=6192, stack(0x0000000035c70000,0x0000000035cf0000)]
  0x000000003409ec00 JavaThread "Timer-1" [_thread_blocked, id=6392, stack(0x0000000034f80000,0x0000000035000000)]
  0x00000000333ee000 JavaThread "TimerQueue" daemon [_thread_blocked, id=7516, stack(0x0000000034f00000,0x0000000034f80000)]
  0x0000000033325400 JavaThread "AWT-EventQueue-0" [_thread_blocked, id=7752, stack(0x0000000033dc0000,0x0000000033e40000)]
  0x000000003321d000 JavaThread "AWT-Windows" daemon [_thread_in_native, id=8164, stack(0x0000000033690000,0x0000000033710000)]
  0x000000003321cc00 JavaThread "AWT-Shutdown" [_thread_blocked, id=7180, stack(0x0000000033610000,0x0000000033690000)]
  0x0000000033206c00 JavaThread "Java2D Disposer" daemon [_thread_blocked, id=10044, stack(0x0000000033590000,0x0000000033610000)]
  0x0000000032ac6000 JavaThread "Timer-0" [_thread_blocked, id=9052, stack(0x0000000032c50000,0x0000000032cd0000)]
  0x0000000032a59800 JavaThread "JMI Unnamed Thread" [_thread_in_native, id=4752, stack(0x0000000007fd0000,0x0000000008fd0000)]
  0x000000002dd45000 JavaThread "Low Memory Detector" daemon [_thread_blocked, id=4588, stack(0x00000000317d0000,0x0000000031850000)]
  0x000000002dd2d000 JavaThread "CompilerThread1" daemon [_thread_blocked, id=9544, stack(0x00000000307d0000,0x00000000317d0000)]
  0x000000002dd2c800 JavaThread "CompilerThread0" daemon [_thread_blocked, id=7472, stack(0x000000002f7d0000,0x00000000307d0000)]
  0x000000002dd2c000 JavaThread "Attach Listener" daemon [_thread_blocked, id=6408, stack(0x000000002f750000,0x000000002f7d0000)]
  0x000000002dd09000 JavaThread "Finalizer" daemon [_thread_blocked, id=9992, stack(0x000000002f6d0000,0x000000002f750000)]
  0x000000002dd02800 JavaThread "Reference Handler" daemon [_thread_blocked, id=1900, stack(0x000000002da10000,0x000000002da90000)]
=>0x000000000169f000 JavaThread "main" [_thread_in_native, id=9432, stack(0x0000000000030000,0x0000000001030000)]

Other Threads:
  0x000000000179f400 VMThread [stack: 0x000000002e6d0000,0x000000002f6d0000] [id=6936]
  0x000000002dd6bc00 WatcherThread [stack: 0x0000000031850000,0x0000000032850000] [id=6952]

VM state:not at safepoint (normal execution)

VM Mutex/Monitor currently owned by a thread: None

Heap
 PSYoungGen      total 22784K, used 19075K [0x0000000022490000, 0x0000000024820000, 0x0000000025590000)
  eden space 10560K, 92% used [0x0000000022490000,0x0000000022e1c1a8,0x0000000022ee0000)
  from space 12224K, 76% used [0x0000000022ef0000,0x0000000023804db8,0x0000000023ae0000)
  to   space 12928K, 0% used [0x0000000023b80000,0x0000000023b80000,0x0000000024820000)
 PSOldGen        total 145152K, used 124181K [0x0000000019190000, 0x0000000021f50000, 0x0000000022490000)
  object space 145152K, 85% used [0x0000000019190000,0x0000000020ad5510,0x0000000021f50000)
 PSPermGen       total 90560K, used 62360K [0x0000000011190000, 0x0000000016a00000, 0x0000000019190000)
  object space 90560K, 68% used [0x0000000011190000,0x0000000014e763b8,0x0000000016a00000)

Dynamic libraries:
0x0000000140000000 - 0x000000014002a000 	C:\Program Files\MATLAB\R2010a\bin\win64\MATLAB.exe
0x0000000077020000 - 0x00000000771c9000 	C:\Windows\SYSTEM32\ntdll.dll
0x0000000076cf0000 - 0x0000000076e0f000 	C:\Windows\system32\kernel32.dll
0x000007fefc9b0000 - 0x000007fefca1c000 	C:\Windows\system32\KERNELBASE.dll
0x000000007ce80000 - 0x000000007cf96000 	C:\Program Files\MATLAB\R2010a\bin\win64\libut.dll
0x000007fefd0c0000 - 0x000007fefd0d9000 	C:\Windows\system32\imagehlp.dll
0x000007fefd510000 - 0x000007fefd5af000 	C:\Windows\system32\msvcrt.dll
0x000007fefd430000 - 0x000007fefd50b000 	C:\Windows\system32\ADVAPI32.dll
0x000007fefe750000 - 0x000007fefe76f000 	C:\Windows\SYSTEM32\sechost.dll
0x000007fefcef0000 - 0x000007fefd01d000 	C:\Windows\system32\RPCRT4.dll
0x00000000771e0000 - 0x00000000771e7000 	C:\Windows\system32\PSAPI.DLL
0x000000007d660000 - 0x000000007d688000 	C:\Program Files\MATLAB\R2010a\bin\win64\LIBEXPAT.dll
0x0000000071ec0000 - 0x0000000071f89000 	C:\Windows\WinSxS\amd64_microsoft.vc80.crt_1fc8b3b9a1e18e3b_8.0.50727.6195_none_88e41e092fab0294\MSVCR80.dll
0x000000007d380000 - 0x000000007d4ac000 	C:\Program Files\MATLAB\R2010a\bin\win64\icuuc40.dll
0x000000007c8b0000 - 0x000000007c8b3000 	C:\Program Files\MATLAB\R2010a\bin\win64\icudt40.dll
0x000000007c8c0000 - 0x000000007c8d0000 	C:\Program Files\MATLAB\R2010a\bin\win64\icuio40.dll
0x000000007cb00000 - 0x000000007cc53000 	C:\Program Files\MATLAB\R2010a\bin\win64\icuin40.dll
0x0000000071690000 - 0x0000000071799000 	C:\Windows\WinSxS\amd64_microsoft.vc80.crt_1fc8b3b9a1e18e3b_8.0.50727.6195_none_88e41e092fab0294\MSVCP80.dll
0x0000000076940000 - 0x0000000076a3a000 	C:\Windows\system32\USER32.dll
0x000007fefd3c0000 - 0x000007fefd427000 	C:\Windows\system32\GDI32.dll
0x000007fefe500000 - 0x000007fefe50e000 	C:\Windows\system32\LPK.dll
0x000007fefd270000 - 0x000007fefd339000 	C:\Windows\system32\USP10.dll
0x0000000078930000 - 0x0000000078a4e000 	C:\Program Files\MATLAB\R2010a\bin\win64\libmwfl.dll
0x00000000788c0000 - 0x00000000788fe000 	C:\Program Files\MATLAB\R2010a\bin\win64\tbb.dll
0x000000007e960000 - 0x000000007e96f000 	C:\Program Files\MATLAB\R2010a\bin\win64\boost_date_time-vc80-mt-1_36.dll
0x000000007ebf0000 - 0x000000007ec0d000 	C:\Program Files\MATLAB\R2010a\bin\win64\boost_filesystem-vc80-mt-1_36.dll
0x000000007dbd0000 - 0x000000007dbd9000 	C:\Program Files\MATLAB\R2010a\bin\win64\boost_system-vc80-mt-1_36.dll
0x000000007e940000 - 0x000000007e956000 	C:\Program Files\MATLAB\R2010a\bin\win64\boost_signals-vc80-mt-1_36.dll
0x000000007c890000 - 0x000000007c8a1000 	C:\Program Files\MATLAB\R2010a\bin\win64\boost_thread-vc80-mt-1_36.dll
0x000000007d010000 - 0x000000007d298000 	C:\Program Files\MATLAB\R2010a\bin\win64\libmwservices.dll
0x000000007cfa0000 - 0x000000007d00d000 	C:\Program Files\MATLAB\R2010a\bin\win64\libmx.dll
0x00000000792b0000 - 0x00000000792c7000 	C:\Program Files\MATLAB\R2010a\bin\win64\zlib1.dll
0x000000007d2a0000 - 0x000000007d37c000 	C:\Program Files\MATLAB\R2010a\bin\win64\libmwmathutil.dll
0x000000007a9b0000 - 0x000000007aa0e000 	C:\Program Files\MATLAB\R2010a\bin\win64\mpath.dll
0x000000007d690000 - 0x000000007d812000 	C:\Program Files\MATLAB\R2010a\bin\win64\mlutil.dll
0x000000007e860000 - 0x000000007e8ec000 	C:\Program Files\MATLAB\R2010a\bin\win64\xmlcore.dll
0x000000007a320000 - 0x000000007a5b5000 	C:\Program Files\MATLAB\R2010a\bin\win64\xerces-c_2_7.dll
0x000007fefcea0000 - 0x000007fefceed000 	C:\Windows\system32\WS2_32.dll
0x000007fefd0e0000 - 0x000007fefd0e8000 	C:\Windows\system32\NSI.dll
0x000007fefd770000 - 0x000007fefe4f8000 	C:\Windows\system32\SHELL32.dll
0x000007fefd340000 - 0x000007fefd3b1000 	C:\Windows\system32\SHLWAPI.dll
0x000007fef2460000 - 0x000007fef2500000 	C:\Windows\WinSxS\amd64_microsoft.windows.common-controls_6595b64144ccf1df_5.82.7601.17514_none_a4d6a923711520a9\COMCTL32.dll
0x000007fefd1d0000 - 0x000007fefd267000 	C:\Windows\system32\comdlg32.dll
0x000007fefa570000 - 0x000007fefa586000 	C:\Windows\system32\NETAPI32.dll
0x000007fefa560000 - 0x000007fefa56c000 	C:\Windows\system32\netutils.dll
0x000007fefc4f0000 - 0x000007fefc513000 	C:\Windows\system32\srvcli.dll
0x000007fefa540000 - 0x000007fefa555000 	C:\Windows\system32\wkscli.dll
0x000000007ad90000 - 0x000000007ae2e000 	C:\Program Files\MATLAB\R2010a\bin\win64\mcr.dll
0x0000000001300000 - 0x0000000001325000 	C:\Program Files\MATLAB\R2010a\bin\win64\libmwi18n.dll
0x000000007c8d0000 - 0x000000007c983000 	C:\Program Files\MATLAB\R2010a\bin\win64\iqm.dll
0x000000007b500000 - 0x000000007bdb0000 	C:\Program Files\MATLAB\R2010a\bin\win64\m_interpreter.dll
0x000000007c9b0000 - 0x000000007c9c6000 	C:\Program Files\MATLAB\R2010a\bin\win64\libmex.dll
0x000000007abf0000 - 0x000000007aca4000 	C:\Program Files\MATLAB\R2010a\bin\win64\m_dispatcher.dll
0x000000007ead0000 - 0x000000007ebc1000 	C:\Program Files\MATLAB\R2010a\bin\win64\boost_regex-vc80-mt-1_36.dll
0x000000007aa90000 - 0x000000007ab27000 	C:\Program Files\MATLAB\R2010a\bin\win64\profiler.dll
0x000000007ca40000 - 0x000000007ca71000 	C:\Program Files\MATLAB\R2010a\bin\win64\libmwmathrng.dll
0x0000000079200000 - 0x000000007921a000 	C:\Program Files\MATLAB\R2010a\bin\win64\m_pcodeio.dll
0x000000007a960000 - 0x000000007a9ad000 	C:\Program Files\MATLAB\R2010a\bin\win64\m_ir.dll
0x000000007aef0000 - 0x000000007b4f1000 	C:\Program Files\MATLAB\R2010a\bin\win64\m_parser.dll
0x000000007c990000 - 0x000000007c9a4000 	C:\Program Files\MATLAB\R2010a\bin\win64\ir_xfmr.dll
0x0000000078a50000 - 0x0000000078d2f000 	C:\Program Files\MATLAB\R2010a\bin\win64\mcos.dll
0x000000007ca90000 - 0x000000007ca9c000 	C:\Program Files\MATLAB\R2010a\bin\win64\mtok.dll
0x00000000791d0000 - 0x00000000791f6000 	C:\Program Files\MATLAB\R2010a\bin\win64\m_pcodegen.dll
0x0000000001420000 - 0x0000000001472000 	C:\Program Files\MATLAB\R2010a\bin\win64\libmwspmatrix.dll
0x000007fef4b20000 - 0x000007fef4c45000 	C:\Windows\system32\dbghelp.dll
0x0000000001490000 - 0x00000000014bc000 	C:\Program Files\MATLAB\R2010a\bin\win64\libmwbridge.dll
0x000000007c4f0000 - 0x000000007c5b7000 	C:\Program Files\MATLAB\R2010a\bin\win64\udd.dll
0x000000007d4b0000 - 0x000000007d604000 	C:\Program Files\MATLAB\R2010a\bin\win64\libmwgui.dll
0x0000000079320000 - 0x0000000079acf000 	C:\Program Files\MATLAB\R2010a\bin\win64\hg.dll
0x0000000079100000 - 0x0000000079150000 	C:\Program Files\MATLAB\R2010a\bin\win64\libmat.dll
0x000000007cc60000 - 0x000000007ce7b000 	C:\Program Files\MATLAB\R2010a\bin\win64\libhdf5.dll
0x000000007a860000 - 0x000000007a8e3000 	C:\Program Files\MATLAB\R2010a\bin\win64\jmi.dll
0x000000007a790000 - 0x000000007a7d6000 	C:\Program Files\MATLAB\R2010a\bin\win64\libmwhardcopy.dll
0x000000007a8f0000 - 0x000000007a959000 	C:\Program Files\MATLAB\R2010a\bin\win64\libuij.dll
0x0000000078730000 - 0x00000000788b3000 	C:\Program Files\MATLAB\R2010a\bin\win64\hgdatatypes.dll
0x0000000078670000 - 0x0000000078721000 	C:\Program Files\MATLAB\R2010a\bin\win64\hgutils.dll
0x0000000079150000 - 0x00000000791cc000 	C:\Program Files\MATLAB\R2010a\bin\win64\libmwlapack.dll
0x000000007c9e0000 - 0x000000007c9f3000 	C:\Program Files\MATLAB\R2010a\bin\win64\libmwbinder.dll
0x000000007c5c0000 - 0x000000007c881000 	C:\Program Files\MATLAB\R2010a\bin\win64\uiw.dll
0x000000007caf0000 - 0x000000007cafa000 	C:\Program Files\MATLAB\R2010a\bin\win64\uinone.dll
0x0000000061e30000 - 0x0000000061fcc000 	C:\Windows\WinSxS\amd64_microsoft.vc80.mfc_1fc8b3b9a1e18e3b_8.0.50727.6195_none_8448b2bd328df189\MFC80.DLL
0x000007fef83d0000 - 0x000007fef8441000 	C:\Windows\system32\WINSPOOL.DRV
0x000007fefcc90000 - 0x000007fefce93000 	C:\Windows\system32\ole32.dll
0x000007fefd0f0000 - 0x000007fefd1c7000 	C:\Windows\system32\OLEAUT32.dll
0x000000007ae30000 - 0x000000007aee6000 	C:\Program Files\MATLAB\R2010a\bin\win64\udd_mi.dll
0x0000000079220000 - 0x000000007923f000 	C:\Program Files\MATLAB\R2010a\bin\win64\mwoles05.DLL
0x000000007aa10000 - 0x000000007aa82000 	C:\Program Files\MATLAB\R2010a\bin\win64\comcli.dll
0x0000000061fd0000 - 0x0000000061ff0000 	C:\Windows\WinSxS\amd64_microsoft.vc80.atl_1fc8b3b9a1e18e3b_8.0.50727.6195_none_8a1dd9552ed7f8d8\ATL80.DLL
0x000000007ca80000 - 0x000000007ca8e000 	C:\Program Files\MATLAB\R2010a\bin\win64\mlautoregister.dll
0x000007fefd630000 - 0x000007fefd65e000 	C:\Windows\system32\IMM32.DLL
0x000007fefd660000 - 0x000007fefd769000 	C:\Windows\system32\MSCTF.dll
0x0000000071cb0000 - 0x0000000071cbd000 	C:\Windows\WinSxS\amd64_microsoft.vc80.mfcloc_1fc8b3b9a1e18e3b_8.0.50727.6195_none_bc20f59b0bdd1acd\MFC80ENU.DLL
0x000007fefc8c0000 - 0x000007fefc8cf000 	C:\Windows\system32\profapi.dll
0x000007fefc7f0000 - 0x000007fefc7ff000 	C:\Windows\system32\CRYPTBASE.dll
0x000007fef9700000 - 0x000007fef977f000 	C:\Program Files\Common Files\microsoft shared\ink\tiptsf.dll
0x000007fefba20000 - 0x000007fefba2c000 	C:\Windows\system32\version.dll
0x000007fefaf60000 - 0x000007fefb154000 	C:\Windows\WinSxS\amd64_microsoft.windows.common-controls_6595b64144ccf1df_6.0.7601.17514_none_fa396087175ac9ac\comctl32.dll
0x000007fefe510000 - 0x000007fefe6e7000 	C:\Windows\system32\SETUPAPI.dll
0x000007fefc970000 - 0x000007fefc9a6000 	C:\Windows\system32\CFGMGR32.dll
0x000007fefcc70000 - 0x000007fefcc8a000 	C:\Windows\system32\DEVOBJ.dll
0x000007fefd020000 - 0x000007fefd0b9000 	C:\Windows\system32\CLBCatQ.DLL
0x000007fefb590000 - 0x000007fefb6bc000 	C:\Windows\system32\propsys.dll
0x000007fefb800000 - 0x000007fefb82d000 	C:\Windows\system32\ntmarta.dll
0x000007fefe6f0000 - 0x000007fefe742000 	C:\Windows\system32\WLDAP32.dll
0x000007fefae60000 - 0x000007fefae87000 	C:\Windows\system32\iphlpapi.dll
0x000007fefae50000 - 0x000007fefae5b000 	C:\Windows\system32\WINNSI.DLL
0x000007fefbfb0000 - 0x000007fefc00b000 	C:\Windows\system32\DNSAPI.dll
0x000007fefac60000 - 0x000007fefac78000 	C:\Windows\system32\dhcpcsvc.DLL
0x000007fefac40000 - 0x000007fefac51000 	C:\Windows\system32\dhcpcsvc6.DLL
0x00000000680d0000 - 0x00000000680d3000 	C:\Windows\system32\icmp.Dll
0x000000006d7f0000 - 0x000000006dda8000 	C:\Program Files\MATLAB\R2010a\sys\java\jre\win64\jre\bin\server\jvm.dll
0x000007fef9ce0000 - 0x000007fef9d1b000 	C:\Windows\system32\WINMM.dll
0x000000007aba0000 - 0x000000007abaa000 	C:\Program Files\MATLAB\R2010a\sys\java\jre\win64\jre\bin\hpi.dll
0x000000007abc0000 - 0x000000007abce000 	C:\Program Files\MATLAB\R2010a\sys\java\jre\win64\jre\bin\verify.dll
0x00000000792d0000 - 0x00000000792f7000 	C:\Program Files\MATLAB\R2010a\sys\java\jre\win64\jre\bin\java.dll
0x000000007abd0000 - 0x000000007abe2000 	C:\Program Files\MATLAB\R2010a\sys\java\jre\win64\jre\bin\zip.dll
0x000007fef91f0000 - 0x000007fef9244000 	C:\Windows\system32\oleacc.dll
0x0000000079240000 - 0x000000007926b000 	C:\Program Files\MATLAB\R2010a\bin\win64\nativejava.dll
0x000007fef8940000 - 0x000007fef8958000 	C:\Windows\system32\MPR.dll
0x0000000079270000 - 0x00000000792a7000 	C:\Program Files\MATLAB\R2010a\bin\win64\nativejmi.dll
0x000000007cae0000 - 0x000000007caed000 	C:\Program Files\MATLAB\R2010a\bin\win64\nativeservices.dll
0x000000007a5c0000 - 0x000000007a782000 	C:\Program Files\MATLAB\R2010a\sys\java\jre\win64\jre\bin\awt.dll
0x000007fef9ba0000 - 0x000007fef9bb8000 	C:\Windows\system32\DWMAPI.DLL
0x000000007acb0000 - 0x000000007ad1b000 	C:\Program Files\MATLAB\R2010a\sys\java\jre\win64\jre\bin\fontmanager.dll
0x0000000079300000 - 0x0000000079317000 	C:\Program Files\MATLAB\R2010a\sys\java\jre\win64\jre\bin\net.dll
0x000007fefc130000 - 0x000007fefc185000 	C:\Windows\system32\mswsock.dll
0x000007fefc120000 - 0x000007fefc127000 	C:\Windows\System32\wship6.dll
0x000000007abb0000 - 0x000000007abbb000 	C:\Program Files\MATLAB\R2010a\sys\java\jre\win64\jre\bin\nio.dll

VM Arguments:
jvm_args: -Xss512k -XX:PermSize=32m -Xms64m -XX:NewRatio=3 -XX:MaxPermSize=128m -Xmx196m -XX:MaxDirectMemorySize=2147400000 -Dsun.java2d.noddraw=true -Dsun.awt.nopixfmt=true -Xshare:off -Xrs -Djava.library.path=C:\Program Files\MATLAB\R2010a\bin\win64 vfprintf abort 
java_command: <unknown>
Launcher Type: generic

Environment Variables:
CLASSPATH=.;C:\Program Files (x86)\Java\jre7\lib\ext\QTJava.zip
PATH=C:\Program Files\Java\jdk1.7.0_05\bin;C:\Windows\system32;C:\Windows;C:\Program Files (x86)\MiKTeX 2.9\miktex\bin\;C:\UserPrograms;C:\Program Files (x86)\Git\cmd;C:\altera\quartus50\bin;C:\altera\quartus50\bin;C:\Program Files\Java\jdk1.7.0_05\bin;C:\Windows\system32;C:\Windows;C:\Modeltech_pe_edu_10.1c\win32pe_edu
USERNAME=hslovett
OS=Windows_NT
PROCESSOR_IDENTIFIER=Intel64 Family 6 Model 42 Stepping 7, GenuineIntel



---------------  S Y S T E M  ---------------

OS: Windows NT 6.1 Build 7601 Service Pack 1

CPU:total 8 (8 cores per cpu, 2 threads per core) family 6 model 10 stepping 7, cmov, cx8, fxsr, mmx, sse, sse2, sse3, ssse3, ht

Memory: 4k page, physical 8364856k(4331536k free), swap 16727860k(11794840k free)

vm_info: Java HotSpot(TM) 64-Bit Server VM (11.2-b01) for windows-amd64 JRE (1.6.0_12-b04), built on Jan 17 2009 01:49:05 by "java_re" with MS VC++ 8.0

time: Wed Nov 21 21:28:11 2012
elapsed time: 24897 seconds

